读取基准指数：000300
日期范围：20220101~20260526
强制刷新：False
断点续跑：False
指数长期缓存命中（可用区间）：000300
基准指数数据源：cache
[1/1376] 处理 688235 百济神州
  个股长期缓存命中（可用区间）：688235
[2/1376] 处理 688981 中芯国际
  个股长期缓存命中（可用区间）：688981
[3/1376] 处理 688789 宏华数科
  个股长期缓存命中（可用区间）：688789
[4/1376] 处理 688686 奥普特
  个股长期缓存命中（可用区间）：688686
[5/1376] 处理 688563 航材股份
  个股长期缓存命中（可用区间）：688563
[6/1376] 处理 688503 聚和材料
  个股长期缓存命中（可用区间）：688503
[7/1376] 处理 688472 阿特斯
  个股长期缓存命中（可用区间）：688472
[8/1376] 处理 688425 铁建重工
  个股长期缓存命中（可用区间）：688425
[9/1376] 处理 688408 中信博
  个股长期缓存命中（可用区间）：688408
[10/1376] 处理 688400 凌云光
  个股长期缓存命中（可用区间）：688400
[11/1376] 处理 688385 复旦微电
  个股长期缓存命中（可用区间）：688385
[12/1376] 处理 688375 国博电子
  个股长期缓存命中（可用区间）：688375
[13/1376] 处理 688363 华熙生物
  个股长期缓存命中（可用区间）：688363
[14/1376] 处理 688333 铂力特
  个股长期缓存命中（可用区间）：688333
[15/1376] 处理 688318 财富趋势
  个股长期缓存命中（可用区间）：688318
[16/1376] 处理 688281 华秦科技
  个股长期缓存命中（可用区间）：688281
[17/1376] 处理 688248 南网科技
  个股长期缓存命中（可用区间）：688248
[18/1376] 处理 688223 晶科能源
  个股长期缓存命中（可用区间）：688223
[19/1376] 处理 688202 美迪西
  个股长期缓存命中（可用区间）：688202
[20/1376] 处理 688198 佰仁医疗
  个股长期缓存命中（可用区间）：688198
[21/1376] 处理 688147 微导纳米
  个股长期缓存命中（可用区间）：688147
[22/1376] 处理 688122 西部超导
  个股长期缓存命中（可用区间）：688122
[23/1376] 处理 688120 华海清科
  个股长期缓存命中（可用区间）：688120
[24/1376] 处理 688097 博众精工
  个股长期缓存命中（可用区间）：688097
[25/1376] 处理 688065 凯赛生物
  个股长期缓存命中（可用区间）：688065
[26/1376] 处理 688048 长光华芯
  个股长期缓存命中（可用区间）：688048
[27/1376] 处理 688019 安集科技
  个股长期缓存命中（可用区间）：688019
[28/1376] 处理 688017 绿的谐波
  个股长期缓存命中（可用区间）：688017
[29/1376] 处理 688008 澜起科技
  个股长期缓存命中（可用区间）：688008
[30/1376] 处理 688006 杭可科技
  个股长期缓存命中（可用区间）：688006
[31/1376] 处理 688001 华兴源创
  个股长期缓存命中（可用区间）：688001
[32/1376] 处理 605123 派克新材
  个股长期缓存命中（可用区间）：605123
[33/1376] 处理 603997 继峰股份
  个股长期缓存命中（可用区间）：603997
[34/1376] 处理 603939 益丰药房
  个股长期缓存命中（可用区间）：603939
[35/1376] 处理 603885 吉祥航空
  个股长期缓存命中（可用区间）：603885
[36/1376] 处理 603883 老百姓
  个股长期缓存命中（可用区间）：603883
[37/1376] 处理 603816 顾家家居
  个股长期缓存命中（可用区间）：603816
[38/1376] 处理 603801 志邦家居
  个股长期缓存命中（可用区间）：603801
[39/1376] 处理 603733 仙鹤股份
  个股长期缓存命中（可用区间）：603733
[40/1376] 处理 603730 岱美股份
  个股长期缓存命中（可用区间）：603730
[41/1376] 处理 603690 至纯科技
  个股长期缓存命中（可用区间）：603690
[42/1376] 处理 603638 艾迪精密
  个股长期缓存命中（可用区间）：603638
[43/1376] 处理 603599 广信股份
  个股长期缓存命中（可用区间）：603599
[44/1376] 处理 603565 中谷物流
  个股长期缓存命中（可用区间）：603565
[45/1376] 处理 603556 海兴电力
  个股长期缓存命中（可用区间）：603556
[46/1376] 处理 603393 新天然气
  个股长期缓存命中（可用区间）：603393
[47/1376] 处理 603379 三美股份
  个股长期缓存命中（可用区间）：603379
[48/1376] 处理 603369 今世缘
  个股长期缓存命中（可用区间）：603369
[49/1376] 处理 603337 杰克科技
  个股长期缓存命中（可用区间）：603337
[50/1376] 处理 603288 海天味业
  个股长期缓存命中（可用区间）：603288
[51/1376] 处理 603235 天新药业
  个股长期缓存命中（可用区间）：603235
[52/1376] 处理 603233 大参林
  个股长期缓存命中（可用区间）：603233
[53/1376] 处理 603228 景旺电子
  个股长期缓存命中（可用区间）：603228
[54/1376] 处理 603220 中贝通信
  个股长期缓存命中（可用区间）：603220
[55/1376] 处理 603197 保隆科技
  个股长期缓存命中（可用区间）：603197
[56/1376] 处理 603179 新泉股份
  个股长期缓存命中（可用区间）：603179
[57/1376] 处理 603100 川仪股份
  个股长期缓存命中（可用区间）：603100
[58/1376] 处理 603098 森特股份
  个股长期缓存命中（可用区间）：603098
[59/1376] 处理 603087 甘李药业
  个股长期缓存命中（可用区间）：603087
[60/1376] 处理 603033 三维股份
  个股长期缓存命中（可用区间）：603033
[61/1376] 处理 603027 千禾味业
  个股长期缓存命中（可用区间）：603027
[62/1376] 处理 603005 晶方科技
  个股长期缓存命中（可用区间）：603005
[63/1376] 处理 601995 中金公司
  个股长期缓存命中（可用区间）：601995
[64/1376] 处理 601988 中国银行
  个股长期缓存命中（可用区间）：601988
[65/1376] 处理 601949 中国出版
  个股长期缓存命中（可用区间）：601949
[66/1376] 处理 601882 海天精工
  个股长期缓存命中（可用区间）：601882
[67/1376] 处理 601881 中国银河
  个股长期缓存命中（可用区间）：601881
[68/1376] 处理 601878 浙商证券
  个股长期缓存命中（可用区间）：601878
[69/1376] 处理 601877 正泰电器
  个股长期缓存命中（可用区间）：601877
[70/1376] 处理 601872 招商轮船
  个股长期缓存命中（可用区间）：601872
[71/1376] 处理 601857 中国石油
  个股长期缓存命中（可用区间）：601857
[72/1376] 处理 601818 光大银行
  个股长期缓存命中（可用区间）：601818
[73/1376] 处理 601816 京沪高铁
  个股长期缓存命中（可用区间）：601816
[74/1376] 处理 601800 中国交建
  个股长期缓存命中（可用区间）：601800
[75/1376] 处理 601778 晶科科技
  个股长期缓存命中（可用区间）：601778
[76/1376] 处理 601717 中创智领
  个股长期缓存命中（可用区间）：601717
[77/1376] 处理 601698 中国卫通
  个股长期缓存命中（可用区间）：601698
[78/1376] 处理 601689 拓普集团
  个股长期缓存命中（可用区间）：601689
[79/1376] 处理 601688 华泰证券
  个股长期缓存命中（可用区间）：601688
[80/1376] 处理 601669 中国电建
  个股长期缓存命中（可用区间）：601669
[81/1376] 处理 601611 中国核建
  个股长期缓存命中（可用区间）：601611
[82/1376] 处理 601555 东吴证券
  个股长期缓存命中（可用区间）：601555
[83/1376] 处理 601528 瑞丰银行
  个股长期缓存命中（可用区间）：601528
[84/1376] 处理 601399 国机重装
  个股长期缓存命中（可用区间）：601399
[85/1376] 处理 601319 中国人保
  个股长期缓存命中（可用区间）：601319
[86/1376] 处理 601236 红塔证券
  个股长期缓存命中（可用区间）：601236
[87/1376] 处理 601228 广州港
  个股长期缓存命中（可用区间）：601228
[88/1376] 处理 601216 君正集团
  个股长期缓存命中（可用区间）：601216
[89/1376] 处理 601211 国泰海通
  个股长期缓存命中（可用区间）：601211
[90/1376] 处理 601200 上海环境
  个股长期缓存命中（可用区间）：601200
[91/1376] 处理 601198 东兴证券
  个股长期缓存命中（可用区间）：601198
[92/1376] 处理 601187 厦门银行
  个股长期缓存命中（可用区间）：601187
[93/1376] 处理 601169 北京银行
  个股长期缓存命中（可用区间）：601169
[94/1376] 处理 601166 兴业银行
  个股长期缓存命中（可用区间）：601166
[95/1376] 处理 601162 天风证券
  个股长期缓存命中（可用区间）：601162
[96/1376] 处理 601156 东航物流
  个股长期缓存命中（可用区间）：601156
[97/1376] 处理 601138 工业富联
  个股长期缓存命中（可用区间）：601138
[98/1376] 处理 601126 四方股份
  个股长期缓存命中（可用区间）：601126
[99/1376] 处理 601106 中国一重
  个股长期缓存命中（可用区间）：601106
[100/1376] 处理 601100 恒立液压
  个股长期缓存命中（可用区间）：601100
[101/1376] 处理 601021 春秋航空
  个股长期缓存命中（可用区间）：601021
[102/1376] 处理 601019 山东出版
  个股长期缓存命中（可用区间）：601019
[103/1376] 处理 601016 节能风电
  个股长期缓存命中（可用区间）：601016
[104/1376] 处理 601012 隆基绿能
  个股长期缓存命中（可用区间）：601012
[105/1376] 处理 601009 南京银行
  个股长期缓存命中（可用区间）：601009
[106/1376] 处理 600997 开滦股份
  个股长期缓存命中（可用区间）：600997
[107/1376] 处理 600959 江苏有线
  个股长期缓存命中（可用区间）：600959
[108/1376] 处理 600933 爱柯迪
  个股长期缓存命中（可用区间）：600933
[109/1376] 处理 600928 西安银行
  个股长期缓存命中（可用区间）：600928
[110/1376] 处理 600925 苏能股份
  个股长期缓存命中（可用区间）：600925
[111/1376] 处理 600918 中泰证券
  个股长期缓存命中（可用区间）：600918
[112/1376] 处理 600916 中国黄金
  个股长期缓存命中（可用区间）：600916
[113/1376] 处理 600908 无锡银行
  个股长期缓存命中（可用区间）：600908
[114/1376] 处理 600900 长江电力
  个股长期缓存命中（可用区间）：600900
[115/1376] 处理 600887 伊利股份
  个股长期缓存命中（可用区间）：600887
[116/1376] 处理 600885 宏发股份
  个股长期缓存命中（可用区间）：600885
[117/1376] 处理 600884 杉杉股份
  个股长期缓存命中（可用区间）：600884
[118/1376] 处理 600867 通化东宝
  个股长期缓存命中（可用区间）：600867
[119/1376] 处理 600861 北京人力
  个股长期缓存命中（可用区间）：600861
[120/1376] 处理 600850 电科数字
  个股长期缓存命中（可用区间）：600850
[121/1376] 处理 600821 金开新能
  个股长期缓存命中（可用区间）：600821
[122/1376] 处理 600816 建元信托
  个股长期缓存命中（可用区间）：600816
[123/1376] 处理 600779 水井坊
  个股长期缓存命中（可用区间）：600779
[124/1376] 处理 600755 厦门国贸
  个股长期缓存命中（可用区间）：600755
[125/1376] 处理 600754 锦江酒店
  个股长期缓存命中（可用区间）：600754
[126/1376] 处理 600739 辽宁成大
  个股长期缓存命中（可用区间）：600739
[127/1376] 处理 600737 中粮糖业
  个股长期缓存命中（可用区间）：600737
[128/1376] 处理 600732 爱旭股份
  个股长期缓存命中（可用区间）：600732
[129/1376] 处理 600682 南京新百
  个股长期缓存命中（可用区间）：600682
[130/1376] 处理 600649 城投控股
  个股长期缓存命中（可用区间）：600649
[131/1376] 处理 600642 申能股份
  个股长期缓存命中（可用区间）：600642
[132/1376] 处理 600637 东方明珠
  个股长期缓存命中（可用区间）：600637
[133/1376] 处理 600580 卧龙电驱
  个股长期缓存命中（可用区间）：600580
[134/1376] 处理 600552 凯盛科技
  个股长期缓存命中（可用区间）：600552
[135/1376] 处理 600528 中铁工业
  个股长期缓存命中（可用区间）：600528
[136/1376] 处理 600522 中天科技
  个股长期缓存命中（可用区间）：600522
[137/1376] 处理 600521 华海药业
  个股长期缓存命中（可用区间）：600521
[138/1376] 处理 600516 方大炭素
  个股长期缓存命中（可用区间）：600516
[139/1376] 处理 600487 亨通光电
  个股长期缓存命中（可用区间）：600487
[140/1376] 处理 600482 中国动力
  个股长期缓存命中（可用区间）：600482
[141/1376] 处理 600406 国电南瑞
  个股长期缓存命中（可用区间）：600406
[142/1376] 处理 600399 抚顺特钢
  个股长期缓存命中（可用区间）：600399
[143/1376] 处理 600398 海澜之家
  个股长期缓存命中（可用区间）：600398
[144/1376] 处理 600383 金地集团
  个股长期缓存命中（可用区间）：600383
[145/1376] 处理 600378 昊华科技
  个股长期缓存命中（可用区间）：600378
[146/1376] 处理 600373 中文传媒
  个股长期缓存命中（可用区间）：600373
[147/1376] 处理 600369 西南证券
  个股长期缓存命中（可用区间）：600369
[148/1376] 处理 600363 联创光电
  个股长期缓存命中（可用区间）：600363
[149/1376] 处理 600361 创新新材
  个股长期缓存命中（可用区间）：600361
[150/1376] 处理 600339 中油工程
  个股长期缓存命中（可用区间）：600339
[151/1376] 处理 600329 达仁堂
  个股长期缓存命中（可用区间）：600329
[152/1376] 处理 600325 华发股份
  个股长期缓存命中（可用区间）：600325
[153/1376] 处理 600271 航天信息
  个股长期缓存命中（可用区间）：600271
[154/1376] 处理 600266 城建发展
  个股长期缓存命中（可用区间）：600266
[155/1376] 处理 600259 中稀有色
  个股长期缓存命中（可用区间）：600259
[156/1376] 处理 600248 陕建股份
  个股长期缓存命中（可用区间）：600248
[157/1376] 处理 600208 衢州发展
  个股长期缓存命中（可用区间）：600208
[158/1376] 处理 600201 生物股份
  个股长期缓存命中（可用区间）：600201
[159/1376] 处理 600195 中牧股份
  个股长期缓存命中（可用区间）：600195
[160/1376] 处理 600177 雅戈尔
  个股长期缓存命中（可用区间）：600177
[161/1376] 处理 600170 上海建工
  个股长期缓存命中（可用区间）：600170
[162/1376] 处理 600167 联美控股
  个股长期缓存命中（可用区间）：600167
[163/1376] 处理 600166 福田汽车
  个股长期缓存命中（可用区间）：600166
[164/1376] 处理 600155 华创云信
  个股长期缓存命中（可用区间）：600155
[165/1376] 处理 600153 建发股份
  个股长期缓存命中（可用区间）：600153
[166/1376] 处理 600151 航天机电
  个股长期缓存命中（可用区间）：600151
[167/1376] 处理 600150 中国船舶
  个股长期缓存命中（可用区间）：600150
[168/1376] 处理 600132 重庆啤酒
  个股长期缓存命中（可用区间）：600132
[169/1376] 处理 600118 中国卫星
  个股长期缓存命中（可用区间）：600118
[170/1376] 处理 600109 国金证券
  个股长期缓存命中（可用区间）：600109
[171/1376] 处理 600098 广州发展
  个股长期缓存命中（可用区间）：600098
[172/1376] 处理 600085 同仁堂
  个股长期缓存命中（可用区间）：600085
[173/1376] 处理 600072 中船科技
  个股长期缓存命中（可用区间）：600072
[174/1376] 处理 600064 南京高科
  个股长期缓存命中（可用区间）：600064
[175/1376] 处理 600057 厦门象屿
  个股长期缓存命中（可用区间）：600057
[176/1376] 处理 600039 四川路桥
  个股长期缓存命中（可用区间）：600039
[177/1376] 处理 600031 三一重工
  个股长期缓存命中（可用区间）：600031
[178/1376] 处理 600030 中信证券
  个股长期缓存命中（可用区间）：600030
[179/1376] 处理 600018 上港集团
  个股长期缓存命中（可用区间）：600018
[180/1376] 处理 600016 民生银行
  个股长期缓存命中（可用区间）：600016
[181/1376] 处理 600012 皖通高速
  个股长期缓存命中（可用区间）：600012
[182/1376] 处理 600009 上海机场
  个股长期缓存命中（可用区间）：600009
[183/1376] 处理 600007 中国国贸
  个股长期缓存命中（可用区间）：600007
[184/1376] 处理 600004 白云机场
  个股长期缓存命中（可用区间）：600004
[185/1376] 处理 301269 华大九天
  个股长期缓存命中（可用区间）：301269
[186/1376] 处理 301153 中科江南
  个股长期缓存命中（可用区间）：301153
[187/1376] 处理 300432 富临精工
  个股长期缓存命中（可用区间）：300432
[188/1376] 处理 300229 拓尔思
  个股长期缓存命中（可用区间）：300229
[189/1376] 处理 003031 中瓷电子
  个股长期缓存命中（可用区间）：003031
[190/1376] 处理 002993 奥海科技
  个股长期缓存命中（可用区间）：002993
[191/1376] 处理 002992 宝明科技
  个股长期缓存命中（可用区间）：002992
[192/1376] 处理 002960 青鸟智控
  个股长期缓存命中（可用区间）：002960
[193/1376] 处理 002946 新乳业
  个股长期缓存命中（可用区间）：002946
[194/1376] 处理 002939 长城证券
  个股长期缓存命中（可用区间）：002939
[195/1376] 处理 002938 鹏鼎控股
  个股长期缓存命中（可用区间）：002938
[196/1376] 处理 002936 郑州银行
  个股长期缓存命中（可用区间）：002936
[197/1376] 处理 002929 润建股份
  个股长期缓存命中（可用区间）：002929
[198/1376] 处理 002926 华西证券
  个股长期缓存命中（可用区间）：002926
[199/1376] 处理 002913 奥士康
  个股长期缓存命中（可用区间）：002913
[200/1376] 处理 002867 周大生
  个股长期缓存命中（可用区间）：002867
[201/1376] 处理 002865 钧达股份
  个股长期缓存命中（可用区间）：002865
[202/1376] 处理 002851 麦格米特
  个股长期缓存命中（可用区间）：002851
[203/1376] 处理 002847 盐津铺子
  个股长期缓存命中（可用区间）：002847
[204/1376] 处理 002831 裕同科技
  个股长期缓存命中（可用区间）：002831
[205/1376] 处理 002812 恩捷股份
  个股长期缓存命中（可用区间）：002812
[206/1376] 处理 002756 永兴材料
  个股长期缓存命中（可用区间）：002756
[207/1376] 处理 002747 埃斯顿
  个股长期缓存命中（可用区间）：002747
[208/1376] 处理 002739 儒意电影
  个股长期缓存命中（可用区间）：002739
[209/1376] 处理 002738 中矿资源
  个股长期缓存命中（可用区间）：002738
[210/1376] 处理 002727 一心堂
  个股长期缓存命中（可用区间）：002727
[211/1376] 处理 002701 奥瑞金
  个股长期缓存命中（可用区间）：002701
[212/1376] 处理 002653 海思科
  个股长期缓存命中（可用区间）：002653
[213/1376] 处理 002626 金达威
  个股长期缓存命中（可用区间）：002626
[214/1376] 处理 002625 光启技术
  个股长期缓存命中（可用区间）：002625
[215/1376] 处理 002617 露笑科技
  个股长期缓存命中（可用区间）：002617
[216/1376] 处理 002612 朗姿股份
  个股长期缓存命中（可用区间）：002612
[217/1376] 处理 002605 姚记科技
  个股长期缓存命中（可用区间）：002605
[218/1376] 处理 002602 世纪华通
  个股长期缓存命中（可用区间）：002602
[219/1376] 处理 002597 金禾实业
  个股长期缓存命中（可用区间）：002597
[220/1376] 处理 002594 比亚迪
  个股长期缓存命中（可用区间）：002594
[221/1376] 处理 002572 索菲亚
  个股长期缓存命中（可用区间）：002572
[222/1376] 处理 002563 森马服饰
  个股长期缓存命中（可用区间）：002563
[223/1376] 处理 002558 巨人网络
  个股长期缓存命中（可用区间）：002558
[224/1376] 处理 002555 三七互娱
  个股长期缓存命中（可用区间）：002555
[225/1376] 处理 002539 云图控股
  个股长期缓存命中（可用区间）：002539
[226/1376] 处理 002531 天顺风能
  个股长期缓存命中（可用区间）：002531
[227/1376] 处理 002518 科士达
  个股长期缓存命中（可用区间）：002518
[228/1376] 处理 002468 申通快递
  个股长期缓存命中（可用区间）：002468
[229/1376] 处理 002460 赣锋锂业
  个股长期缓存命中（可用区间）：002460
[230/1376] 处理 002459 晶澳科技
  个股长期缓存命中（可用区间）：002459
[231/1376] 处理 002456 欧菲光
  个股长期缓存命中（可用区间）：002456
[232/1376] 处理 002432 九安医疗
  个股长期缓存命中（可用区间）：002432
[233/1376] 处理 002422 科伦药业
  个股长期缓存命中（可用区间）：002422
[234/1376] 处理 002414 高德红外
  个股长期缓存命中（可用区间）：002414
[235/1376] 处理 002409 雅克科技
  个股长期缓存命中（可用区间）：002409
[236/1376] 处理 002408 齐翔腾达
  个股长期缓存命中（可用区间）：002408
[237/1376] 处理 002387 维信诺
  个股长期缓存命中（可用区间）：002387
[238/1376] 处理 002371 北方华创
  个股长期缓存命中（可用区间）：002371
[239/1376] 处理 002352 顺丰控股
  个股长期缓存命中（可用区间）：002352
[240/1376] 处理 002318 久立特材
  个股长期缓存命中（可用区间）：002318
[241/1376] 处理 002317 众生药业
  个股长期缓存命中（可用区间）：002317
[242/1376] 处理 002315 焦点科技
  个股长期缓存命中（可用区间）：002315
[243/1376] 处理 002294 信立泰
  个股长期缓存命中（可用区间）：002294
[244/1376] 处理 002292 奥飞娱乐
  个股长期缓存命中（可用区间）：002292
[245/1376] 处理 002276 万马股份
  个股长期缓存命中（可用区间）：002276
[246/1376] 处理 002268 电科网安
  个股长期缓存命中（可用区间）：002268
[247/1376] 处理 002242 九阳股份
  个股长期缓存命中（可用区间）：002242
[248/1376] 处理 002217 合力泰
  个股长期缓存命中（可用区间）：002217
[249/1376] 处理 002203 海亮股份
  个股长期缓存命中（可用区间）：002203
[250/1376] 处理 002174 游族网络
  个股长期缓存命中（可用区间）：002174
[251/1376] 处理 002153 石基信息
  个股长期缓存命中（可用区间）：002153
[252/1376] 处理 002152 广电运通
  个股长期缓存命中（可用区间）：002152
[253/1376] 处理 002142 宁波银行
  个股长期缓存命中（可用区间）：002142
[254/1376] 处理 002131 利欧股份
  个股长期缓存命中（可用区间）：002131
[255/1376] 处理 002120 韵达股份
  个股长期缓存命中（可用区间）：002120
[256/1376] 处理 002099 海翔药业
  个股长期缓存命中（可用区间）：002099
[257/1376] 处理 002081 金螳螂
  个股长期缓存命中（可用区间）：002081
[258/1376] 处理 002061 浙江交科
  个股长期缓存命中（可用区间）：002061
[259/1376] 处理 002060 广东建工
  个股长期缓存命中（可用区间）：002060
[260/1376] 处理 002050 三花智控
  个股长期缓存命中（可用区间）：002050
[261/1376] 处理 002044 美年健康
  个股长期缓存命中（可用区间）：002044
[262/1376] 处理 002036 联创电子
  个股长期缓存命中（可用区间）：002036
[263/1376] 处理 002030 达安基因
  个股长期缓存命中（可用区间）：002030
[264/1376] 处理 002019 亿帆医药
  个股长期缓存命中（可用区间）：002019
[265/1376] 处理 002010 传化智联
  个股长期缓存命中（可用区间）：002010
[266/1376] 处理 001979 招商蛇口
  个股长期缓存命中（可用区间）：001979
[267/1376] 处理 001965 招商公路
  个股长期缓存命中（可用区间）：001965
[268/1376] 处理 001308 康冠科技
  个股长期缓存命中（可用区间）：001308
[269/1376] 处理 000987 越秀资本
  个股长期缓存命中（可用区间）：000987
[270/1376] 处理 000981 山子高科
  个股长期缓存命中（可用区间）：000981
[271/1376] 处理 000977 浪潮信息
  个股长期缓存命中（可用区间）：000977
[272/1376] 处理 000958 电投产融
  个股长期缓存命中（可用区间）：000958
[273/1376] 处理 000951 中国重汽
  个股长期缓存命中（可用区间）：000951
[274/1376] 处理 000935 四川双马
  个股长期缓存命中（可用区间）：000935
[275/1376] 处理 000932 华菱钢铁
  个股长期缓存命中（可用区间）：000932
[276/1376] 处理 000928 中钢国际
  个股长期缓存命中（可用区间）：000928
[277/1376] 处理 000927 中国铁物
  个股长期缓存命中（可用区间）：000927
[278/1376] 处理 000898 鞍钢股份
  个股长期缓存命中（可用区间）：000898
[279/1376] 处理 000893 亚钾国际
  个股长期缓存命中（可用区间）：000893
[280/1376] 处理 000887 中鼎股份
  个股长期缓存命中（可用区间）：000887
[281/1376] 处理 000875 电投绿能
  个股长期缓存命中（可用区间）：000875
[282/1376] 处理 000825 太钢不锈
  个股长期缓存命中（可用区间）：000825
[283/1376] 处理 000800 一汽解放
  个股长期缓存命中（可用区间）：000800
[284/1376] 处理 000792 盐湖股份
  个股长期缓存命中（可用区间）：000792
[285/1376] 处理 000785 居然智家
  个股长期缓存命中（可用区间）：000785
[286/1376] 处理 000783 长江证券
  个股长期缓存命中（可用区间）：000783
[287/1376] 处理 000776 广发证券
  个股长期缓存命中（可用区间）：000776
[288/1376] 处理 000768 中航西飞
  个股长期缓存命中（可用区间）：000768
[289/1376] 处理 000750 国海证券
  个股长期缓存命中（可用区间）：000750
[290/1376] 处理 000727 冠捷科技
  个股长期缓存命中（可用区间）：000727
[291/1376] 处理 000725 京东方A
  个股长期缓存命中（可用区间）：000725
[292/1376] 处理 000709 河钢股份
  个股长期缓存命中（可用区间）：000709
[293/1376] 处理 000690 宝新能源
  个股长期缓存命中（可用区间）：000690
[294/1376] 处理 000688 国城矿业
  个股长期缓存命中（可用区间）：000688
[295/1376] 处理 000685 中山公用
  个股长期缓存命中（可用区间）：000685
[296/1376] 处理 000681 视觉中国
  个股长期缓存命中（可用区间）：000681
[297/1376] 处理 000651 格力电器
  个股长期缓存命中（可用区间）：000651
[298/1376] 处理 000623 吉林敖东
  个股长期缓存命中（可用区间）：000623
[299/1376] 处理 000617 中油资本
  个股长期缓存命中（可用区间）：000617
[300/1376] 处理 000568 泸州老窖
  个股长期缓存命中（可用区间）：000568
[301/1376] 处理 000555 神州信息
  个股长期缓存命中（可用区间）：000555
[302/1376] 处理 000553 安道麦A
  个股长期缓存命中（可用区间）：000553
[303/1376] 处理 000547 航天发展
  个股长期缓存命中（可用区间）：000547
[304/1376] 处理 000538 云南白药
  个股长期缓存命中（可用区间）：000538
[305/1376] 处理 000425 徐工机械
  个股长期缓存命中（可用区间）：000425
[306/1376] 处理 000423 东阿阿胶
  个股长期缓存命中（可用区间）：000423
[307/1376] 处理 000415 渤海租赁
  个股长期缓存命中（可用区间）：000415
[308/1376] 处理 000410 沈阳机床
  个股长期缓存命中（可用区间）：000410
[309/1376] 处理 000403 派林生物
  个股长期缓存命中（可用区间）：000403
[310/1376] 处理 000402 金融街
  个股长期缓存命中（可用区间）：000402
[311/1376] 处理 000333 美的集团
  个股长期缓存命中（可用区间）：000333
[312/1376] 处理 000166 申万宏源
  个股长期缓存命中（可用区间）：000166
[313/1376] 处理 000155 川能动力
  个股长期缓存命中（可用区间）：000155
[314/1376] 处理 000088 盐田港
  个股长期缓存命中（可用区间）：000088
[315/1376] 处理 000065 北方国际
  个股长期缓存命中（可用区间）：000065
[316/1376] 处理 000060 中金岭南
  个股长期缓存命中（可用区间）：000060
[317/1376] 处理 000048 京基智农
  个股长期缓存命中（可用区间）：000048
[318/1376] 处理 000039 中集集团
  个股长期缓存命中（可用区间）：000039
[319/1376] 处理 000035 中国天楹
  个股长期缓存命中（可用区间）：000035
[320/1376] 处理 000034 神州数码
  个股长期缓存命中（可用区间）：000034
[321/1376] 处理 000031 大悦城
  个股长期缓存命中（可用区间）：000031
[322/1376] 处理 000027 深圳能源
  个股长期缓存命中（可用区间）：000027
[323/1376] 处理 000009 中国宝安
  个股长期缓存命中（可用区间）：000009
[324/1376] 处理 920185 贝特瑞
  个股长期缓存命中（可用区间）：920185
    数据质量提示：单日涨跌幅异常（>30%）：2 天
[325/1376] 处理 688702 盛科通信
  个股长期缓存命中（可用区间）：688702
[326/1376] 处理 688549 中巨芯
  个股长期缓存命中（可用区间）：688549
[327/1376] 处理 688531 日联科技
  个股长期缓存命中（可用区间）：688531
[328/1376] 处理 688072 拓荆科技
  个股长期缓存命中（可用区间）：688072
[329/1376] 处理 688032 禾迈股份
  个股长期缓存命中（可用区间）：688032
[330/1376] 处理 605599 菜百股份
  个股长期缓存命中（可用区间）：605599
[331/1376] 处理 603588 高能环境
  个股长期缓存命中（可用区间）：603588
[332/1376] 处理 601058 赛轮轮胎
  个股长期缓存命中（可用区间）：601058
[333/1376] 处理 600905 三峡能源
  个股长期缓存命中（可用区间）：600905
[334/1376] 处理 600765 中航重机
  个股长期缓存命中（可用区间）：600765
[335/1376] 处理 600641 先导基电
  个股长期缓存命中（可用区间）：600641
[336/1376] 处理 600583 海油工程
  个股长期缓存命中（可用区间）：600583
[337/1376] 处理 600507 方大特钢
  个股长期缓存命中（可用区间）：600507
[338/1376] 处理 600377 宁沪高速
  个股长期缓存命中（可用区间）：600377
[339/1376] 处理 600305 恒顺醋业
  个股长期缓存命中（可用区间）：600305
[340/1376] 处理 600258 首旅酒店
  个股长期缓存命中（可用区间）：600258
[341/1376] 处理 301558 三态股份
  个股长期缓存命中（可用区间）：301558
[342/1376] 处理 301510 固高科技
  个股长期缓存命中（可用区间）：301510
[343/1376] 处理 301239 普瑞眼科
  个股长期缓存命中（可用区间）：301239
[344/1376] 处理 301090 华润材料
  个股长期缓存命中（可用区间）：301090
[345/1376] 处理 301078 孩子王
  个股长期缓存命中（可用区间）：301078
[346/1376] 处理 301029 怡合达
  个股长期缓存命中（可用区间）：301029
[347/1376] 处理 300957 贝泰妮
  个股长期缓存命中（可用区间）：300957
[348/1376] 处理 300866 安克创新
  个股长期缓存命中（可用区间）：300866
[349/1376] 处理 300827 上能电气
  个股长期缓存命中（可用区间）：300827
[350/1376] 处理 300776 帝尔激光
  个股长期缓存命中（可用区间）：300776
[351/1376] 处理 300674 宇信科技
  个股长期缓存命中（可用区间）：300674
[352/1376] 处理 300624 万兴科技
  个股长期缓存命中（可用区间）：300624
[353/1376] 处理 300602 飞荣达
  个股长期缓存命中（可用区间）：300602
[354/1376] 处理 300199 翰宇药业
  个股长期缓存命中（可用区间）：300199
[355/1376] 处理 300101 振芯科技
  个股长期缓存命中（可用区间）：300101
[356/1376] 处理 002777 久远银海
  个股长期缓存命中（可用区间）：002777
[357/1376] 处理 002607 中公教育
  个股长期缓存命中（可用区间）：002607
[358/1376] 处理 002585 双星新材
  个股长期缓存命中（可用区间）：002585
[359/1376] 处理 002500 山西证券
  个股长期缓存命中（可用区间）：002500
[360/1376] 处理 002472 双环传动
  个股长期缓存命中（可用区间）：002472
[361/1376] 处理 002389 航天彩虹
  个股长期缓存命中（可用区间）：002389
[362/1376] 处理 002229 鸿博股份
  个股长期缓存命中（可用区间）：002229
[363/1376] 处理 002101 广东鸿图
  个股长期缓存命中（可用区间）：002101
[364/1376] 处理 002007 华兰生物
  个股长期缓存命中（可用区间）：002007
[365/1376] 处理 001330 博纳影业
  个股长期缓存命中（可用区间）：001330
[366/1376] 处理 000938 紫光股份
  个股长期缓存命中（可用区间）：000938
[367/1376] 处理 000837 秦川机床
  个股长期缓存命中（可用区间）：000837
[368/1376] 处理 000712 锦龙股份
  个股长期缓存命中（可用区间）：000712
[369/1376] 处理 000650 仁和药业
  个股长期缓存命中（可用区间）：000650
[370/1376] 处理 000563 陕国投A
  个股长期缓存命中（可用区间）：000563
[371/1376] 处理 000537 绿发电力
  个股长期缓存命中（可用区间）：000537
[372/1376] 处理 000528 柳工
  个股长期缓存命中（可用区间）：000528
[373/1376] 处理 000426 兴业银锡
  个股长期缓存命中（可用区间）：000426
[374/1376] 处理 000158 常山北明
  个股长期缓存命中（可用区间）：000158
[375/1376] 处理 000156 华数传媒
  个股长期缓存命中（可用区间）：000156
[376/1376] 处理 688819 天能股份
  个股长期缓存命中（可用区间）：688819
[377/1376] 处理 688798 艾为电子
  个股长期缓存命中（可用区间）：688798
[378/1376] 处理 688779 五矿新能
  个股长期缓存命中（可用区间）：688779
[379/1376] 处理 688772 珠海冠宇
  个股长期缓存命中（可用区间）：688772
[380/1376] 处理 688728 格科微
  个股长期缓存命中（可用区间）：688728
[381/1376] 处理 688612 威迈斯
  个股长期缓存命中（可用区间）：688612
[382/1376] 处理 688599 天合光能
  个股长期缓存命中（可用区间）：688599
[383/1376] 处理 688575 亚辉龙
  个股长期缓存命中（可用区间）：688575
[384/1376] 处理 688567 孚能科技
  个股长期缓存命中（可用区间）：688567
[385/1376] 处理 688538 和辉光电
  个股长期缓存命中（可用区间）：688538
[386/1376] 处理 688536 思瑞浦
  个股长期缓存命中（可用区间）：688536
[387/1376] 处理 688525 佰维存储
  个股长期缓存命中（可用区间）：688525
[388/1376] 处理 688521 芯原股份
  个股长期缓存命中（可用区间）：688521
[389/1376] 处理 688520 神州细胞
  个股长期缓存命中（可用区间）：688520
[390/1376] 处理 688506 百利天恒
  个股长期缓存命中（可用区间）：688506
[391/1376] 处理 688469 芯联集成
  个股长期缓存命中（可用区间）：688469
[392/1376] 处理 688443 智翔金泰
  个股长期缓存命中（可用区间）：688443
[393/1376] 处理 688433 华曙高科
  个股长期缓存命中（可用区间）：688433
[394/1376] 处理 688409 富创精密
  个股长期缓存命中（可用区间）：688409
[395/1376] 处理 688396 华润微
  个股长期缓存命中（可用区间）：688396
[396/1376] 处理 688390 固德威
  个股长期缓存命中（可用区间）：688390
[397/1376] 处理 688372 伟测科技
  个股长期缓存命中（可用区间）：688372
[398/1376] 处理 688349 三一重能
  个股长期缓存命中（可用区间）：688349
[399/1376] 处理 688348 昱能科技
  个股长期缓存命中（可用区间）：688348
[400/1376] 处理 688343 云天励飞
  个股长期缓存命中（可用区间）：688343
[401/1376] 处理 688327 云从科技
  个股长期缓存命中（可用区间）：688327
    数据质量提示：单日涨跌幅异常（>30%）：1 天
[402/1376] 处理 688326 经纬恒润
  个股长期缓存命中（可用区间）：688326
[403/1376] 处理 688322 奥比中光
  个股长期缓存命中（可用区间）：688322
[404/1376] 处理 688303 大全能源
  个股长期缓存命中（可用区间）：688303
[405/1376] 处理 688297 中无人机
  个股长期缓存命中（可用区间）：688297
[406/1376] 处理 688271 联影医疗
  个股长期缓存命中（可用区间）：688271
[407/1376] 处理 688266 泽璟制药
  个股长期缓存命中（可用区间）：688266
[408/1376] 处理 688256 寒武纪
  个股长期缓存命中（可用区间）：688256
[409/1376] 处理 688234 天岳先进
  个股长期缓存命中（可用区间）：688234
[410/1376] 处理 688220 翱捷科技
  个股长期缓存命中（可用区间）：688220
[411/1376] 处理 688213 思特威
  个股长期缓存命中（可用区间）：688213
[412/1376] 处理 688206 概伦电子
  个股长期缓存命中（可用区间）：688206
[413/1376] 处理 688192 迪哲医药
  个股长期缓存命中（可用区间）：688192
[414/1376] 处理 688180 君实生物
  个股长期缓存命中（可用区间）：688180
[415/1376] 处理 688172 燕东微
  个股长期缓存命中（可用区间）：688172
[416/1376] 处理 688169 石头科技
  个股长期缓存命中（可用区间）：688169
[417/1376] 处理 688161 威高骨科
  个股长期缓存命中（可用区间）：688161
[418/1376] 处理 688146 中船特气
  个股长期缓存命中（可用区间）：688146
[419/1376] 处理 688141 杰华特
  个股长期缓存命中（可用区间）：688141
[420/1376] 处理 688126 沪硅产业
  个股长期缓存命中（可用区间）：688126
[421/1376] 处理 688114 华大智造
  个股长期缓存命中（可用区间）：688114
[422/1376] 处理 688110 东芯股份
  个股长期缓存命中（可用区间）：688110
[423/1376] 处理 688107 安路科技
  个股长期缓存命中（可用区间）：688107
[424/1376] 处理 688105 诺唯赞
  个股长期缓存命中（可用区间）：688105
[425/1376] 处理 688099 晶晨股份
  个股长期缓存命中（可用区间）：688099
[426/1376] 处理 688088 虹软科技
  个股长期缓存命中（可用区间）：688088
[427/1376] 处理 688082 盛美上海
  个股长期缓存命中（可用区间）：688082
[428/1376] 处理 688063 派能科技
  个股长期缓存命中（可用区间）：688063
[429/1376] 处理 688055 龙腾光电
  个股长期缓存命中（可用区间）：688055
[430/1376] 处理 688037 芯源微
  个股长期缓存命中（可用区间）：688037
[431/1376] 处理 688029 南微医学
  个股长期缓存命中（可用区间）：688029
[432/1376] 处理 688027 国盾量子
  个股长期缓存命中（可用区间）：688027
[433/1376] 处理 688023 安恒信息
  个股长期缓存命中（可用区间）：688023
[434/1376] 处理 688016 心脉医疗
  个股长期缓存命中（可用区间）：688016
[435/1376] 处理 605589 圣泉集团
  个股长期缓存命中（可用区间）：605589
[436/1376] 处理 605499 东鹏饮料
  个股长期缓存命中（可用区间）：605499
[437/1376] 处理 605358 立昂微
  个股长期缓存命中（可用区间）：605358
[438/1376] 处理 605117 德业股份
  个股长期缓存命中（可用区间）：605117
[439/1376] 处理 605020 永和股份
  个股长期缓存命中（可用区间）：605020
[440/1376] 处理 603915 国茂股份
  个股长期缓存命中（可用区间）：603915
[441/1376] 处理 603899 晨光股份
  个股长期缓存命中（可用区间）：603899
[442/1376] 处理 603882 金域医学
  个股长期缓存命中（可用区间）：603882
[443/1376] 处理 603876 鼎胜新材
  个股长期缓存命中（可用区间）：603876
[444/1376] 处理 603868 飞科电器
  个股长期缓存命中（可用区间）：603868
[445/1376] 处理 603858 步长制药
  个股长期缓存命中（可用区间）：603858
[446/1376] 处理 603833 欧派家居
  个股长期缓存命中（可用区间）：603833
[447/1376] 处理 603806 福斯特
  个股长期缓存命中（可用区间）：603806
[448/1376] 处理 603786 科博达
  个股长期缓存命中（可用区间）：603786
[449/1376] 处理 603728 鸣志电器
  个股长期缓存命中（可用区间）：603728
[450/1376] 处理 603712 七一二
  个股长期缓存命中（可用区间）：603712
[451/1376] 处理 603707 健友股份
  个股长期缓存命中（可用区间）：603707
[452/1376] 处理 603693 江苏新能
  个股长期缓存命中（可用区间）：603693
[453/1376] 处理 603678 火炬电子
  个股长期缓存命中（可用区间）：603678
[454/1376] 处理 603659 璞泰来
  个股长期缓存命中（可用区间）：603659
[455/1376] 处理 603596 伯特利
  个股长期缓存命中（可用区间）：603596
[456/1376] 处理 603567 珍宝岛
  个股长期缓存命中（可用区间）：603567
[457/1376] 处理 603515 欧普照明
  个股长期缓存命中（可用区间）：603515
[458/1376] 处理 603501 豪威集团
  个股长期缓存命中（可用区间）：603501
[459/1376] 处理 603486 科沃斯
  个股长期缓存命中（可用区间）：603486
[460/1376] 处理 603477 巨星农牧
  个股长期缓存命中（可用区间）：603477
[461/1376] 处理 603456 九洲药业
  个股长期缓存命中（可用区间）：603456
[462/1376] 处理 603392 万泰生物
  个股长期缓存命中（可用区间）：603392
[463/1376] 处理 603355 莱克电气
  个股长期缓存命中（可用区间）：603355
[464/1376] 处理 603348 文灿股份
  个股长期缓存命中（可用区间）：603348
[465/1376] 处理 603338 浙江鼎力
  个股长期缓存命中（可用区间）：603338
[466/1376] 处理 603317 天味食品
  个股长期缓存命中（可用区间）：603317
[467/1376] 处理 603290 斯达半导
  个股长期缓存命中（可用区间）：603290
[468/1376] 处理 603279 景津装备
  个股长期缓存命中（可用区间）：603279
[469/1376] 处理 603277 银都股份
  个股长期缓存命中（可用区间）：603277
[470/1376] 处理 603267 鸿远电子
  个股长期缓存命中（可用区间）：603267
[471/1376] 处理 603260 合盛硅业
  个股长期缓存命中（可用区间）：603260
[472/1376] 处理 603198 迎驾贡酒
  个股长期缓存命中（可用区间）：603198
[473/1376] 处理 603185 弘元绿能
  个股长期缓存命中（可用区间）：603185
[474/1376] 处理 603156 养元饮品
  个股长期缓存命中（可用区间）：603156
[475/1376] 处理 603123 翠微股份
  个股长期缓存命中（可用区间）：603123
[476/1376] 处理 603075 热威股份
  个股长期缓存命中（可用区间）：603075
[477/1376] 处理 603043 广州酒家
  个股长期缓存命中（可用区间）：603043
[478/1376] 处理 603039 泛微网络
  个股长期缓存命中（可用区间）：603039
[479/1376] 处理 601997 贵阳银行
  个股长期缓存命中（可用区间）：601997
[480/1376] 处理 601990 南京证券
  个股长期缓存命中（可用区间）：601990
[481/1376] 处理 601969 海南矿业
  个股长期缓存命中（可用区间）：601969
[482/1376] 处理 601963 重庆银行
  个股长期缓存命中（可用区间）：601963
[483/1376] 处理 601958 金钼股份
  个股长期缓存命中（可用区间）：601958
[484/1376] 处理 601933 永辉超市
  个股长期缓存命中（可用区间）：601933
[485/1376] 处理 601928 凤凰传媒
  个股长期缓存命中（可用区间）：601928
[486/1376] 处理 601921 浙版传媒
  个股长期缓存命中（可用区间）：601921
[487/1376] 处理 601858 中国科传
  个股长期缓存命中（可用区间）：601858
[488/1376] 处理 601827 三峰环境
  个股长期缓存命中（可用区间）：601827
[489/1376] 处理 601825 沪农商行
  个股长期缓存命中（可用区间）：601825
[490/1376] 处理 601801 皖新传媒
  个股长期缓存命中（可用区间）：601801
[491/1376] 处理 601777 千里科技
  个股长期缓存命中（可用区间）：601777
[492/1376] 处理 601766 中国中车
  个股长期缓存命中（可用区间）：601766
[493/1376] 处理 601665 齐鲁银行
  个股长期缓存命中（可用区间）：601665
[494/1376] 处理 601658 邮储银行
  个股长期缓存命中（可用区间）：601658
[495/1376] 处理 601615 明阳智能
  个股长期缓存命中（可用区间）：601615
[496/1376] 处理 601607 上海医药
  个股长期缓存命中（可用区间）：601607
[497/1376] 处理 601601 中国太保
  个股长期缓存命中（可用区间）：601601
[498/1376] 处理 601568 北元化工
  个股长期缓存命中（可用区间）：601568
[499/1376] 处理 601512 中新集团
  个股长期缓存命中（可用区间）：601512
[500/1376] 处理 601456 国联民生
  个股长期缓存命中（可用区间）：601456
[501/1376] 处理 601398 工商银行
  个股长期缓存命中（可用区间）：601398
[502/1376] 处理 601377 兴业证券
  个股长期缓存命中（可用区间）：601377
[503/1376] 处理 601375 中原证券
  个股长期缓存命中（可用区间）：601375
[504/1376] 处理 601369 陕鼓动力
  个股长期缓存命中（可用区间）：601369
[505/1376] 处理 601360 三六零
  个股长期缓存命中（可用区间）：601360
[506/1376] 处理 601336 新华保险
  个股长期缓存命中（可用区间）：601336
[507/1376] 处理 601328 交通银行
  个股长期缓存命中（可用区间）：601328
[508/1376] 处理 601318 中国平安
  个股长期缓存命中（可用区间）：601318
[509/1376] 处理 601288 农业银行
  个股长期缓存命中（可用区间）：601288
[510/1376] 处理 601233 桐昆股份
  个股长期缓存命中（可用区间）：601233
[511/1376] 处理 601225 陕西煤业
  个股长期缓存命中（可用区间）：601225
[512/1376] 处理 601212 白银有色
  个股长期缓存命中（可用区间）：601212
[513/1376] 处理 601179 中国西电
  个股长期缓存命中（可用区间）：601179
[514/1376] 处理 601158 重庆水务
  个股长期缓存命中（可用区间）：601158
[515/1376] 处理 601155 新城控股
  个股长期缓存命中（可用区间）：601155
[516/1376] 处理 601137 博威合金
  个股长期缓存命中（可用区间）：601137
[517/1376] 处理 601136 首创证券
  个股长期缓存命中（可用区间）：601136
[518/1376] 处理 601127 赛力斯
  个股长期缓存命中（可用区间）：601127
[519/1376] 处理 601118 海南橡胶
  个股长期缓存命中（可用区间）：601118
[520/1376] 处理 601117 中国化学
  个股长期缓存命中（可用区间）：601117
[521/1376] 处理 601108 财通证券
  个股长期缓存命中（可用区间）：601108
[522/1376] 处理 601099 太平洋
  个股长期缓存命中（可用区间）：601099
[523/1376] 处理 601098 中南传媒
  个股长期缓存命中（可用区间）：601098
[524/1376] 处理 601088 中国神华
  个股长期缓存命中（可用区间）：601088
[525/1376] 处理 601069 西部黄金
  个股长期缓存命中（可用区间）：601069
[526/1376] 处理 601061 中信金属
  个股长期缓存命中（可用区间）：601061
[527/1376] 处理 601059 信达证券
  个股长期缓存命中（可用区间）：601059
[528/1376] 处理 601018 宁波港
  个股长期缓存命中（可用区间）：601018
[529/1376] 处理 601001 晋控煤业
  个股长期缓存命中（可用区间）：601001
[530/1376] 处理 601000 唐山港
  个股长期缓存命中（可用区间）：601000
[531/1376] 处理 600996 贵广网络
  个股长期缓存命中（可用区间）：600996
[532/1376] 处理 600995 南网储能
  个股长期缓存命中（可用区间）：600995
[533/1376] 处理 600989 宝丰能源
  个股长期缓存命中（可用区间）：600989
[534/1376] 处理 600988 赤峰黄金
  个股长期缓存命中（可用区间）：600988
[535/1376] 处理 600985 淮北矿业
  个股长期缓存命中（可用区间）：600985
[536/1376] 处理 600977 中国电影
  个股长期缓存命中（可用区间）：600977
[537/1376] 处理 600975 新五丰
  个股长期缓存命中（可用区间）：600975
[538/1376] 处理 600971 恒源煤电
  个股长期缓存命中（可用区间）：600971
[539/1376] 处理 600963 岳阳林纸
  个股长期缓存命中（可用区间）：600963
[540/1376] 处理 600956 新天绿能
  个股长期缓存命中（可用区间）：600956
[541/1376] 处理 600935 华塑股份
  个股长期缓存命中（可用区间）：600935
[542/1376] 处理 600926 杭州银行
  个股长期缓存命中（可用区间）：600926
[543/1376] 处理 600919 江苏银行
  个股长期缓存命中（可用区间）：600919
[544/1376] 处理 600917 重庆燃气
  个股长期缓存命中（可用区间）：600917
[545/1376] 处理 600901 江苏金租
  个股长期缓存命中（可用区间）：600901
[546/1376] 处理 600893 航发动力
  个股长期缓存命中（可用区间）：600893
[547/1376] 处理 600886 国投电力
  个股长期缓存命中（可用区间）：600886
[548/1376] 处理 600879 航天电子
  个股长期缓存命中（可用区间）：600879
[549/1376] 处理 600877 电科芯片
  个股长期缓存命中（可用区间）：600877
[550/1376] 处理 600859 王府井
  个股长期缓存命中（可用区间）：600859
[551/1376] 处理 600820 隧道股份
  个股长期缓存命中（可用区间）：600820
[552/1376] 处理 600803 新奥股份
  个股长期缓存命中（可用区间）：600803
[553/1376] 处理 600787 中储股份
  个股长期缓存命中（可用区间）：600787
[554/1376] 处理 600782 新钢股份
  个股长期缓存命中（可用区间）：600782
[555/1376] 处理 600780 通宝能源
  个股长期缓存命中（可用区间）：600780
[556/1376] 处理 600764 中国海防
  个股长期缓存命中（可用区间）：600764
[557/1376] 处理 600760 中航沈飞
  个股长期缓存命中（可用区间）：600760
[558/1376] 处理 600750 华润江中
  个股长期缓存命中（可用区间）：600750
[559/1376] 处理 600733 北汽蓝谷
  个股长期缓存命中（可用区间）：600733
[560/1376] 处理 600729 重百集团
  个股长期缓存命中（可用区间）：600729
[561/1376] 处理 600728 佳都科技
  个股长期缓存命中（可用区间）：600728
[562/1376] 处理 600726 华电能源
  个股长期缓存命中（可用区间）：600726
[563/1376] 处理 600718 东软集团
  个股长期缓存命中（可用区间）：600718
[564/1376] 处理 600711 盛屯矿业
  个股长期缓存命中（可用区间）：600711
[565/1376] 处理 600703 三安光电
  个股长期缓存命中（可用区间）：600703
[566/1376] 处理 600675 中华企业
  个股长期缓存命中（可用区间）：600675
[567/1376] 处理 600673 东阳光
  个股长期缓存命中（可用区间）：600673
[568/1376] 处理 600667 太极实业
  个股长期缓存命中（可用区间）：600667
[569/1376] 处理 600657 信达地产
  个股长期缓存命中（可用区间）：600657
[570/1376] 处理 600655 豫园股份
  个股长期缓存命中（可用区间）：600655
[571/1376] 处理 600621 华鑫股份
  个股长期缓存命中（可用区间）：600621
[572/1376] 处理 600606 绿地控股
  个股长期缓存命中（可用区间）：600606
[573/1376] 处理 600600 青岛啤酒
  个股长期缓存命中（可用区间）：600600
[574/1376] 处理 600597 光明乳业
  个股长期缓存命中（可用区间）：600597
[575/1376] 处理 600596 新安股份
  个股长期缓存命中（可用区间）：600596
[576/1376] 处理 600588 用友网络
  个股长期缓存命中（可用区间）：600588
[577/1376] 处理 600584 长电科技
  个股长期缓存命中（可用区间）：600584
[578/1376] 处理 600578 京能电力
  个股长期缓存命中（可用区间）：600578
[579/1376] 处理 600575 淮河能源
  个股长期缓存命中（可用区间）：600575
[580/1376] 处理 600572 康恩贝
  个股长期缓存命中（可用区间）：600572
[581/1376] 处理 600563 法拉电子
  个股长期缓存命中（可用区间）：600563
[582/1376] 处理 600559 老白干酒
  个股长期缓存命中（可用区间）：600559
[583/1376] 处理 600548 深高速
  个股长期缓存命中（可用区间）：600548
[584/1376] 处理 600546 山煤国际
  个股长期缓存命中（可用区间）：600546
[585/1376] 处理 600535 天士力
  个股长期缓存命中（可用区间）：600535
[586/1376] 处理 600518 康美药业
  个股长期缓存命中（可用区间）：600518
[587/1376] 处理 600515 海南机场
  个股长期缓存命中（可用区间）：600515
[588/1376] 处理 600500 中化国际
  个股长期缓存命中（可用区间）：600500
[589/1376] 处理 600498 烽火通信
  个股长期缓存命中（可用区间）：600498
[590/1376] 处理 600489 中金黄金
  个股长期缓存命中（可用区间）：600489
[591/1376] 处理 600456 宝钛股份
  个股长期缓存命中（可用区间）：600456
[592/1376] 处理 600426 华鲁恒升
  个股长期缓存命中（可用区间）：600426
[593/1376] 处理 600422 昆药集团
  个股长期缓存命中（可用区间）：600422
[594/1376] 处理 600420 国药现代
  个股长期缓存命中（可用区间）：600420
[595/1376] 处理 600418 江淮汽车
  个股长期缓存命中（可用区间）：600418
[596/1376] 处理 600395 盘江股份
  个股长期缓存命中（可用区间）：600395
[597/1376] 处理 600392 盛和资源
  个股长期缓存命中（可用区间）：600392
[598/1376] 处理 600388 龙净环保
  个股长期缓存命中（可用区间）：600388
[599/1376] 处理 600376 首开股份
  个股长期缓存命中（可用区间）：600376
[600/1376] 处理 600352 浙江龙盛
  个股长期缓存命中（可用区间）：600352
[601/1376] 处理 600350 山东高速
  个股长期缓存命中（可用区间）：600350
[602/1376] 处理 600348 华阳股份
  个股长期缓存命中（可用区间）：600348
[603/1376] 处理 600346 恒力石化
  个股长期缓存命中（可用区间）：600346
[604/1376] 处理 600338 西藏珠峰
  个股长期缓存命中（可用区间）：600338
[605/1376] 处理 600330 天通股份
  个股长期缓存命中（可用区间）：600330
[606/1376] 处理 600299 安迪苏
  个股长期缓存命中（可用区间）：600299
[607/1376] 处理 600285 羚锐制药
  个股长期缓存命中（可用区间）：600285
[608/1376] 处理 600282 南钢股份
  个股长期缓存命中（可用区间）：600282
[609/1376] 处理 600273 嘉化能源
  个股长期缓存命中（可用区间）：600273
[610/1376] 处理 600267 海正药业
  个股长期缓存命中（可用区间）：600267
[611/1376] 处理 600246 万通发展
  个股长期缓存命中（可用区间）：600246
[612/1376] 处理 600236 桂冠电力
  个股长期缓存命中（可用区间）：600236
[613/1376] 处理 600219 南山铝业
  个股长期缓存命中（可用区间）：600219
[614/1376] 处理 600199 金种子酒
  个股长期缓存命中（可用区间）：600199
[615/1376] 处理 600197 伊力特
  个股长期缓存命中（可用区间）：600197
[616/1376] 处理 600185 珠免集团
  个股长期缓存命中（可用区间）：600185
[617/1376] 处理 600141 兴发集团
  个股长期缓存命中（可用区间）：600141
[618/1376] 处理 600131 国网信通
  个股长期缓存命中（可用区间）：600131
[619/1376] 处理 600126 杭钢股份
  个股长期缓存命中（可用区间）：600126
[620/1376] 处理 600123 兰花科创
  个股长期缓存命中（可用区间）：600123
[621/1376] 处理 600120 浙江东方
  个股长期缓存命中（可用区间）：600120
[622/1376] 处理 600100 同方股份
  个股长期缓存命中（可用区间）：600100
[623/1376] 处理 600096 云天化
  个股长期缓存命中（可用区间）：600096
[624/1376] 处理 600095 湘财股份
  个股长期缓存命中（可用区间）：600095
[625/1376] 处理 600089 特变电工
  个股长期缓存命中（可用区间）：600089
[626/1376] 处理 600061 国投资本
  个股长期缓存命中（可用区间）：600061
[627/1376] 处理 600058 五矿发展
  个股长期缓存命中（可用区间）：600058
[628/1376] 处理 600056 中国医药
  个股长期缓存命中（可用区间）：600056
[629/1376] 处理 600055 万东医疗
  个股长期缓存命中（可用区间）：600055
[630/1376] 处理 600048 保利发展
  个股长期缓存命中（可用区间）：600048
[631/1376] 处理 600037 歌华有线
  个股长期缓存命中（可用区间）：600037
[632/1376] 处理 600036 招商银行
  个股长期缓存命中（可用区间）：600036
[633/1376] 处理 600025 华能水电
  个股长期缓存命中（可用区间）：600025
[634/1376] 处理 600023 浙能电力
  个股长期缓存命中（可用区间）：600023
[635/1376] 处理 600022 山东钢铁
  个股长期缓存命中（可用区间）：600022
[636/1376] 处理 600021 上海电力
  个股长期缓存命中（可用区间）：600021
[637/1376] 处理 600015 华夏银行
  个股长期缓存命中（可用区间）：600015
[638/1376] 处理 600008 首创环保
  个股长期缓存命中（可用区间）：600008
[639/1376] 处理 600006 东风股份
  个股长期缓存命中（可用区间）：600006
[640/1376] 处理 600000 浦发银行
  个股长期缓存命中（可用区间）：600000
[641/1376] 处理 301511 德福科技
  个股长期缓存命中（可用区间）：301511
[642/1376] 处理 301381 赛维时代
  个股长期缓存命中（可用区间）：301381
[643/1376] 处理 301358 湖南裕能
  个股长期缓存命中（可用区间）：301358
[644/1376] 处理 301293 三博脑科
  个股长期缓存命中（可用区间）：301293
[645/1376] 处理 301246 宏源药业
  个股长期缓存命中（可用区间）：301246
[646/1376] 处理 301238 瑞泰新材
  个股长期缓存命中（可用区间）：301238
[647/1376] 处理 301207 华兰疫苗
  个股长期缓存命中（可用区间）：301207
[648/1376] 处理 301155 海力风电
  个股长期缓存命中（可用区间）：301155
[649/1376] 处理 301035 润丰股份
  个股长期缓存命中（可用区间）：301035
[650/1376] 处理 300782 卓胜微
  个股长期缓存命中（可用区间）：300782
[651/1376] 处理 300769 德方纳米
  个股长期缓存命中（可用区间）：300769
[652/1376] 处理 300762 上海瀚讯
  个股长期缓存命中（可用区间）：300762
[653/1376] 处理 300760 迈瑞医疗
  个股长期缓存命中（可用区间）：300760
[654/1376] 处理 300741 华宝股份
  个股长期缓存命中（可用区间）：300741
[655/1376] 处理 300677 英科医疗
  个股长期缓存命中（可用区间）：300677
[656/1376] 处理 300676 华大基因
  个股长期缓存命中（可用区间）：300676
[657/1376] 处理 300655 晶瑞电材
  个股长期缓存命中（可用区间）：300655
[658/1376] 处理 300638 广和通
  个股长期缓存命中（可用区间）：300638
[659/1376] 处理 300529 健帆生物
  个股长期缓存命中（可用区间）：300529
[660/1376] 处理 300474 景嘉微
  个股长期缓存命中（可用区间）：300474
[661/1376] 处理 300363 博腾股份
  个股长期缓存命中（可用区间）：300363
[662/1376] 处理 300323 华灿光电
  个股长期缓存命中（可用区间）：300323
[663/1376] 处理 300315 掌趣科技
  个股长期缓存命中（可用区间）：300315
[664/1376] 处理 300274 阳光电源
  个股长期缓存命中（可用区间）：300274
[665/1376] 处理 300251 光线传媒
  个股长期缓存命中（可用区间）：300251
[666/1376] 处理 300244 迪安诊断
  个股长期缓存命中（可用区间）：300244
[667/1376] 处理 300168 万达信息
  个股长期缓存命中（可用区间）：300168
[668/1376] 处理 300115 长盈精密
  个股长期缓存命中（可用区间）：300115
[669/1376] 处理 300088 长信科技
  个股长期缓存命中（可用区间）：300088
[670/1376] 处理 300083 创世纪
  个股长期缓存命中（可用区间）：300083
[671/1376] 处理 300059 东方财富
  个股长期缓存命中（可用区间）：300059
[672/1376] 处理 003035 南网能源
  个股长期缓存命中（可用区间）：003035
[673/1376] 处理 002958 青农商行
  个股长期缓存命中（可用区间）：002958
[674/1376] 处理 002945 华林证券
  个股长期缓存命中（可用区间）：002945
[675/1376] 处理 002925 盈趣科技
  个股长期缓存命中（可用区间）：002925
[676/1376] 处理 002906 华阳集团
  个股长期缓存命中（可用区间）：002906
[677/1376] 处理 002855 捷荣技术
  个股长期缓存命中（可用区间）：002855
[678/1376] 处理 002832 比音勒芬
  个股长期缓存命中（可用区间）：002832
[679/1376] 处理 002797 第一创业
  个股长期缓存命中（可用区间）：002797
[680/1376] 处理 002736 国信证券
  个股长期缓存命中（可用区间）：002736
[681/1376] 处理 002714 牧原股份
  个股长期缓存命中（可用区间）：002714
[682/1376] 处理 002709 天赐材料
  个股长期缓存命中（可用区间）：002709
[683/1376] 处理 002706 良信股份
  个股长期缓存命中（可用区间）：002706
[684/1376] 处理 002705 新宝股份
  个股长期缓存命中（可用区间）：002705
[685/1376] 处理 002698 博实股份
  个股长期缓存命中（可用区间）：002698
[686/1376] 处理 002643 万润股份
  个股长期缓存命中（可用区间）：002643
[687/1376] 处理 002624 完美世界
  个股长期缓存命中（可用区间）：002624
[688/1376] 处理 002603 以岭药业
  个股长期缓存命中（可用区间）：002603
[689/1376] 处理 002600 领益智造
  个股长期缓存命中（可用区间）：002600
[690/1376] 处理 002595 豪迈科技
  个股长期缓存命中（可用区间）：002595
[691/1376] 处理 002583 海能达
  个股长期缓存命中（可用区间）：002583
[692/1376] 处理 002517 恺英网络
  个股长期缓存命中（可用区间）：002517
[693/1376] 处理 002507 涪陵榨菜
  个股长期缓存命中（可用区间）：002507
[694/1376] 处理 002506 协鑫集成
  个股长期缓存命中（可用区间）：002506
[695/1376] 处理 002487 大金重工
  个股长期缓存命中（可用区间）：002487
[696/1376] 处理 002465 海格通信
  个股长期缓存命中（可用区间）：002465
[697/1376] 处理 002439 启明星辰
  个股长期缓存命中（可用区间）：002439
[698/1376] 处理 002434 万里扬
  个股长期缓存命中（可用区间）：002434
[699/1376] 处理 002423 中粮资本
  个股长期缓存命中（可用区间）：002423
[700/1376] 处理 002372 伟星新材
  个股长期缓存命中（可用区间）：002372
[701/1376] 处理 002368 太极股份
  个股长期缓存命中（可用区间）：002368
[702/1376] 处理 002353 杰瑞股份
  个股长期缓存命中（可用区间）：002353
[703/1376] 处理 002340 格林美
  个股长期缓存命中（可用区间）：002340
[704/1376] 处理 002326 永太科技
  个股长期缓存命中（可用区间）：002326
[705/1376] 处理 002320 海峡股份
  个股长期缓存命中（可用区间）：002320
[706/1376] 处理 002304 洋河股份
  个股长期缓存命中（可用区间）：002304
[707/1376] 处理 002281 光迅科技
  个股长期缓存命中（可用区间）：002281
[708/1376] 处理 002261 拓维信息
  个股长期缓存命中（可用区间）：002261
[709/1376] 处理 002254 泰和新材
  个股长期缓存命中（可用区间）：002254
[710/1376] 处理 002245 蔚蓝锂芯
  个股长期缓存命中（可用区间）：002245
[711/1376] 处理 002240 盛新锂能
  个股长期缓存命中（可用区间）：002240
[712/1376] 处理 002222 福晶科技
  个股长期缓存命中（可用区间）：002222
[713/1376] 处理 002212 天融信
  个股长期缓存命中（可用区间）：002212
[714/1376] 处理 002185 华天科技
  个股长期缓存命中（可用区间）：002185
[715/1376] 处理 002180 奔图科技
  个股长期缓存命中（可用区间）：002180
[716/1376] 处理 002158 汉钟精机
  个股长期缓存命中（可用区间）：002158
[717/1376] 处理 002157 正邦科技
  个股长期缓存命中（可用区间）：002157
[718/1376] 处理 002151 北斗星通
  个股长期缓存命中（可用区间）：002151
[719/1376] 处理 002096 易普力
  个股长期缓存命中（可用区间）：002096
[720/1376] 处理 002091 江苏国泰
  个股长期缓存命中（可用区间）：002091
[721/1376] 处理 002078 太阳纸业
  个股长期缓存命中（可用区间）：002078
[722/1376] 处理 002074 国轩高科
  个股长期缓存命中（可用区间）：002074
[723/1376] 处理 002049 紫光国微
  个股长期缓存命中（可用区间）：002049
[724/1376] 处理 002041 登海种业
  个股长期缓存命中（可用区间）：002041
[725/1376] 处理 001337 四川黄金
  个股长期缓存命中（可用区间）：001337
[726/1376] 处理 001322 箭牌家居
  个股长期缓存命中（可用区间）：001322
[727/1376] 处理 001227 兰州银行
  个股长期缓存命中（可用区间）：001227
[728/1376] 处理 000999 华润三九
  个股长期缓存命中（可用区间）：000999
[729/1376] 处理 000998 隆平高科
  个股长期缓存命中（可用区间）：000998
[730/1376] 处理 000997 新大陆
  个股长期缓存命中（可用区间）：000997
[731/1376] 处理 000980 众泰汽车
  个股长期缓存命中（可用区间）：000980
[732/1376] 处理 000975 山金国际
  个股长期缓存命中（可用区间）：000975
[733/1376] 处理 000967 盈峰环境
  个股长期缓存命中（可用区间）：000967
[734/1376] 处理 000966 长源电力
  个股长期缓存命中（可用区间）：000966
[735/1376] 处理 000937 冀中能源
  个股长期缓存命中（可用区间）：000937
[736/1376] 处理 000883 湖北能源
  个股长期缓存命中（可用区间）：000883
[737/1376] 处理 000876 新希望
  个股长期缓存命中（可用区间）：000876
[738/1376] 处理 000860 顺鑫农业
  个股长期缓存命中（可用区间）：000860
[739/1376] 处理 000858 五粮液
  个股长期缓存命中（可用区间）：000858
[740/1376] 处理 000830 鲁西化工
  个股长期缓存命中（可用区间）：000830
[741/1376] 处理 000818 航锦科技
  个股长期缓存命中（可用区间）：000818
[742/1376] 处理 000811 冰轮环境
  个股长期缓存命中（可用区间）：000811
[743/1376] 处理 000799 酒鬼酒
  个股长期缓存命中（可用区间）：000799
[744/1376] 处理 000708 中信特钢
  个股长期缓存命中（可用区间）：000708
[745/1376] 处理 000703 恒逸石化
  个股长期缓存命中（可用区间）：000703
[746/1376] 处理 000683 博源化工
  个股长期缓存命中（可用区间）：000683
[747/1376] 处理 000682 东方电子
  个股长期缓存命中（可用区间）：000682
[748/1376] 处理 000630 铜陵有色
  个股长期缓存命中（可用区间）：000630
[749/1376] 处理 000591 太阳能
  个股长期缓存命中（可用区间）：000591
[750/1376] 处理 000564 供销大集
  个股长期缓存命中（可用区间）：000564
[751/1376] 处理 000422 湖北宜化
  个股长期缓存命中（可用区间）：000422
[752/1376] 处理 000401 金隅冀东
  个股长期缓存命中（可用区间）：000401
[753/1376] 处理 000400 许继电气
  个股长期缓存命中（可用区间）：000400
[754/1376] 处理 000301 东方盛虹
  个股长期缓存命中（可用区间）：000301
[755/1376] 处理 000100 TCL科技
  个股长期缓存命中（可用区间）：000100
[756/1376] 处理 000069 华侨城A
  个股长期缓存命中（可用区间）：000069
[757/1376] 处理 000066 中国长城
  个股长期缓存命中（可用区间）：000066
[758/1376] 处理 000062 深圳华强
  个股长期缓存命中（可用区间）：000062
[759/1376] 处理 000061 农产品
  个股长期缓存命中（可用区间）：000061
[760/1376] 处理 000050 深天马A
  个股长期缓存命中（可用区间）：000050
[761/1376] 处理 000002 万科A
  个股长期缓存命中（可用区间）：000002
[762/1376] 处理 688739 成大生物
  个股长期缓存命中（可用区间）：688739
[763/1376] 处理 688700 东威科技
  个股长期缓存命中（可用区间）：688700
[764/1376] 处理 688617 惠泰医疗
  个股长期缓存命中（可用区间）：688617
[765/1376] 处理 688568 中科星图
  个股长期缓存命中（可用区间）：688568
[766/1376] 处理 688562 航天软件
  个股长期缓存命中（可用区间）：688562
[767/1376] 处理 688556 高测股份
  个股长期缓存命中（可用区间）：688556
[768/1376] 处理 688548 广钢气体
  个股长期缓存命中（可用区间）：688548
[769/1376] 处理 688502 茂莱光学
  个股长期缓存命中（可用区间）：688502
[770/1376] 处理 688498 源杰科技
  个股长期缓存命中（可用区间）：688498
[771/1376] 处理 688484 南芯科技
  个股长期缓存命中（可用区间）：688484
[772/1376] 处理 688439 振华风光
  个股长期缓存命中（可用区间）：688439
[773/1376] 处理 688432 有研硅
  个股长期缓存命中（可用区间）：688432
[774/1376] 处理 688361 中科飞测
  个股长期缓存命中（可用区间）：688361
[775/1376] 处理 688351 微电生理
  个股长期缓存命中（可用区间）：688351
[776/1376] 处理 688295 中复神鹰
  个股长期缓存命中（可用区间）：688295
[777/1376] 处理 688249 晶合集成
  个股长期缓存命中（可用区间）：688249
[778/1376] 处理 688232 新点软件
  个股长期缓存命中（可用区间）：688232
[779/1376] 处理 688200 华峰测控
  个股长期缓存命中（可用区间）：688200
[780/1376] 处理 688187 时代电气
  个股长期缓存命中（可用区间）：688187
[781/1376] 处理 688177 百奥泰
  个股长期缓存命中（可用区间）：688177
[782/1376] 处理 688166 博瑞医药
  个股长期缓存命中（可用区间）：688166
[783/1376] 处理 688153 唯捷创芯
  个股长期缓存命中（可用区间）：688153
[784/1376] 处理 688139 海尔生物
  个股长期缓存命中（可用区间）：688139
[785/1376] 处理 688047 龙芯中科
  个股长期缓存命中（可用区间）：688047
[786/1376] 处理 688012 中微公司
  个股长期缓存命中（可用区间）：688012
[787/1376] 处理 688007 光峰科技
  个股长期缓存命中（可用区间）：688007
[788/1376] 处理 605296 神农集团
  个股长期缓存命中（可用区间）：605296
[789/1376] 处理 605111 新洁能
  个股长期缓存命中（可用区间）：605111
[790/1376] 处理 605011 杭州热电
  个股长期缓存命中（可用区间）：605011
[791/1376] 处理 603927 中科软
  个股长期缓存命中（可用区间）：603927
[792/1376] 处理 603888 新华网
  个股长期缓存命中（可用区间）：603888
[793/1376] 处理 603871 嘉友国际
  个股长期缓存命中（可用区间）：603871
[794/1376] 处理 603613 国联股份
  个股长期缓存命中（可用区间）：603613
[795/1376] 处理 603589 口子窖
  个股长期缓存命中（可用区间）：603589
[796/1376] 处理 603383 顶点软件
  个股长期缓存命中（可用区间）：603383
[797/1376] 处理 603345 安井食品
  个股长期缓存命中（可用区间）：603345
[798/1376] 处理 603306 华懋科技
  个股长期缓存命中（可用区间）：603306
[799/1376] 处理 603225 新凤鸣
  个股长期缓存命中（可用区间）：603225
[800/1376] 处理 603218 日月股份
  个股长期缓存命中（可用区间）：603218
[801/1376] 处理 603195 公牛集团
  个股长期缓存命中（可用区间）：603195
[802/1376] 处理 603026 石大胜华
  个股长期缓存命中（可用区间）：603026
[803/1376] 处理 603025 大豪科技
  个股长期缓存命中（可用区间）：603025
[804/1376] 处理 603019 中科曙光
  个股长期缓存命中（可用区间）：603019
[805/1376] 处理 601998 中信银行
  个股长期缓存命中（可用区间）：601998
[806/1376] 处理 601985 中国核电
  个股长期缓存命中（可用区间）：601985
[807/1376] 处理 601939 建设银行
  个股长期缓存命中（可用区间）：601939
[808/1376] 处理 601908 京运通
  个股长期缓存命中（可用区间）：601908
[809/1376] 处理 601901 方正证券
  个股长期缓存命中（可用区间）：601901
[810/1376] 处理 601900 南方传媒
  个股长期缓存命中（可用区间）：601900
[811/1376] 处理 601838 成都银行
  个股长期缓存命中（可用区间）：601838
[812/1376] 处理 601788 光大证券
  个股长期缓存命中（可用区间）：601788
[813/1376] 处理 601702 华峰铝业
  个股长期缓存命中（可用区间）：601702
[814/1376] 处理 601699 潞安环能
  个股长期缓存命中（可用区间）：601699
[815/1376] 处理 601696 中银证券
  个股长期缓存命中（可用区间）：601696
[816/1376] 处理 601677 明泰铝业
  个股长期缓存命中（可用区间）：601677
[817/1376] 处理 601668 中国建筑
  个股长期缓存命中（可用区间）：601668
[818/1376] 处理 601628 中国人寿
  个股长期缓存命中（可用区间）：601628
[819/1376] 处理 601608 中信重工
  个股长期缓存命中（可用区间）：601608
[820/1376] 处理 601598 中国外运
  个股长期缓存命中（可用区间）：601598
[821/1376] 处理 601577 长沙银行
  个股长期缓存命中（可用区间）：601577
[822/1376] 处理 601519 大智慧
  个股长期缓存命中（可用区间）：601519
[823/1376] 处理 601229 上海银行
  个股长期缓存命中（可用区间）：601229
[824/1376] 处理 601222 林洋能源
  个股长期缓存命中（可用区间）：601222
[825/1376] 处理 601163 三角轮胎
  个股长期缓存命中（可用区间）：601163
[826/1376] 处理 601139 深圳燃气
  个股长期缓存命中（可用区间）：601139
[827/1376] 处理 601128 常熟银行
  个股长期缓存命中（可用区间）：601128
[828/1376] 处理 601022 宁波远洋
  个股长期缓存命中（可用区间）：601022
[829/1376] 处理 601006 大秦铁路
  个股长期缓存命中（可用区间）：601006
[830/1376] 处理 600998 九州通
  个股长期缓存命中（可用区间）：600998
[831/1376] 处理 600968 海油发展
  个股长期缓存命中（可用区间）：600968
[832/1376] 处理 600927 永安期货
  个股长期缓存命中（可用区间）：600927
[833/1376] 处理 600909 华安证券
  个股长期缓存命中（可用区间）：600909
[834/1376] 处理 600869 远东股份
  个股长期缓存命中（可用区间）：600869
[835/1376] 处理 600864 哈投股份
  个股长期缓存命中（可用区间）：600864
[836/1376] 处理 600863 华能蒙电
  个股长期缓存命中（可用区间）：600863
[837/1376] 处理 600809 山西汾酒
  个股长期缓存命中（可用区间）：600809
[838/1376] 处理 600795 国电电力
  个股长期缓存命中（可用区间）：600795
[839/1376] 处理 600717 天津港
  个股长期缓存命中（可用区间）：600717
[840/1376] 处理 600707 彩虹股份
  个股长期缓存命中（可用区间）：600707
[841/1376] 处理 600662 外服控股
  个股长期缓存命中（可用区间）：600662
[842/1376] 处理 600601 方正科技
  个股长期缓存命中（可用区间）：600601
[843/1376] 处理 600570 恒生电子
  个股长期缓存命中（可用区间）：600570
[844/1376] 处理 600562 国睿科技
  个股长期缓存命中（可用区间）：600562
[845/1376] 处理 600536 中国软件
  个股长期缓存命中（可用区间）：600536
[846/1376] 处理 600497 驰宏锌锗
  个股长期缓存命中（可用区间）：600497
[847/1376] 处理 600460 士兰微
  个股长期缓存命中（可用区间）：600460
[848/1376] 处理 600459 贵研铂业
  个股长期缓存命中（可用区间）：600459
[849/1376] 处理 600452 涪陵电力
  个股长期缓存命中（可用区间）：600452
[850/1376] 处理 600446 金证股份
  个股长期缓存命中（可用区间）：600446
[851/1376] 处理 600428 中远海特
  个股长期缓存命中（可用区间）：600428
[852/1376] 处理 600409 三友化工
  个股长期缓存命中（可用区间）：600409
[853/1376] 处理 600390 五矿资本
  个股长期缓存命中（可用区间）：600390
[854/1376] 处理 600335 国机汽车
  个股长期缓存命中（可用区间）：600335
[855/1376] 处理 600323 瀚蓝环境
  个股长期缓存命中（可用区间）：600323
[856/1376] 处理 600256 广汇能源
  个股长期缓存命中（可用区间）：600256
[857/1376] 处理 600233 圆通速递
  个股长期缓存命中（可用区间）：600233
[858/1376] 处理 600211 西藏药业
  个股长期缓存命中（可用区间）：600211
[859/1376] 处理 600183 生益科技
  个股长期缓存命中（可用区间）：600183
[860/1376] 处理 600160 巨化股份
  个股长期缓存命中（可用区间）：600160
[861/1376] 处理 600129 太极集团
  个股长期缓存命中（可用区间）：600129
[862/1376] 处理 600104 上汽集团
  个股长期缓存命中（可用区间）：600104
[863/1376] 处理 600066 宇通客车
  个股长期缓存命中（可用区间）：600066
    数据质量提示：单日涨跌幅异常（>30%）：14 天
[864/1376] 处理 600062 华润双鹤
  个股长期缓存命中（可用区间）：600062
[865/1376] 处理 600032 浙江新能
  个股长期缓存命中（可用区间）：600032
[866/1376] 处理 600028 中国石化
  个股长期缓存命中（可用区间）：600028
[867/1376] 处理 600010 包钢股份
  个股长期缓存命中（可用区间）：600010
[868/1376] 处理 301487 盟固利
  个股长期缓存命中（可用区间）：301487
    数据质量提示：单日涨跌幅异常（>30%）：1 天
[869/1376] 处理 301363 美好医疗
  个股长期缓存命中（可用区间）：301363
[870/1376] 处理 301308 江波龙
  个股长期缓存命中（可用区间）：301308
[871/1376] 处理 301268 铭利达
  个股长期缓存命中（可用区间）：301268
[872/1376] 处理 301262 海看股份
  个股长期缓存命中（可用区间）：301262
[873/1376] 处理 301177 迪阿股份
  个股长期缓存命中（可用区间）：301177
[874/1376] 处理 301165 锐捷网络
  个股长期缓存命中（可用区间）：301165
[875/1376] 处理 301015 百洋医药
  个股长期缓存命中（可用区间）：301015
[876/1376] 处理 300999 金龙鱼
  个股长期缓存命中（可用区间）：300999
[877/1376] 处理 300979 华利集团
  个股长期缓存命中（可用区间）：300979
[878/1376] 处理 300861 美畅股份
  个股长期缓存命中（可用区间）：300861
[879/1376] 处理 300850 新强联
  个股长期缓存命中（可用区间）：300850
[880/1376] 处理 300832 新产业
  个股长期缓存命中（可用区间）：300832
[881/1376] 处理 300820 英杰电气
  个股长期缓存命中（可用区间）：300820
[882/1376] 处理 300723 一品红
  个股长期缓存命中（可用区间）：300723
[883/1376] 处理 300699 光威复材
  个股长期缓存命中（可用区间）：300699
[884/1376] 处理 300678 中科信息
  个股长期缓存命中（可用区间）：300678
[885/1376] 处理 300623 捷捷微电
  个股长期缓存命中（可用区间）：300623
[886/1376] 处理 300601 康泰生物
  个股长期缓存命中（可用区间）：300601
[887/1376] 处理 300525 博思软件
  个股长期缓存命中（可用区间）：300525
[888/1376] 处理 300459 汤姆猫
  个股长期缓存命中（可用区间）：300459
[889/1376] 处理 300456 赛微电子
  个股长期缓存命中（可用区间）：300456
[890/1376] 处理 300438 鹏辉能源
  个股长期缓存命中（可用区间）：300438
[891/1376] 处理 300418 昆仑万维
  个股长期缓存命中（可用区间）：300418
[892/1376] 处理 300376 易事特
  个股长期缓存命中（可用区间）：300376
[893/1376] 处理 300346 南大光电
  个股长期缓存命中（可用区间）：300346
[894/1376] 处理 300296 利亚德
  个股长期缓存命中（可用区间）：300296
[895/1376] 处理 300285 国瓷材料
  个股长期缓存命中（可用区间）：300285
[896/1376] 处理 300260 新莱应材
  个股长期缓存命中（可用区间）：300260
[897/1376] 处理 300207 欣旺达
  个股长期缓存命中（可用区间）：300207
[898/1376] 处理 300182 捷成股份
  个股长期缓存命中（可用区间）：300182
[899/1376] 处理 300171 东富龙
  个股长期缓存命中（可用区间）：300171
[900/1376] 处理 300124 汇川技术
  个股长期缓存命中（可用区间）：300124
[901/1376] 处理 300122 智飞生物
  个股长期缓存命中（可用区间）：300122
[902/1376] 处理 300080 易成新能
  个股长期缓存命中（可用区间）：300080
[903/1376] 处理 300075 数字政通
  个股长期缓存命中（可用区间）：300075
[904/1376] 处理 300058 蓝色光标
  个股长期缓存命中（可用区间）：300058
[905/1376] 处理 300037 新宙邦
  个股长期缓存命中（可用区间）：300037
[906/1376] 处理 300034 钢研高纳
  个股长期缓存命中（可用区间）：300034
[907/1376] 处理 003021 兆威机电
  个股长期缓存命中（可用区间）：003021
[908/1376] 处理 002985 北摩高科
  个股长期缓存命中（可用区间）：002985
[909/1376] 处理 002978 安宁股份
  个股长期缓存命中（可用区间）：002978
[910/1376] 处理 002948 青岛银行
  个股长期缓存命中（可用区间）：002948
[911/1376] 处理 002941 新疆交建
  个股长期缓存命中（可用区间）：002941
[912/1376] 处理 002916 深南电路
  个股长期缓存命中（可用区间）：002916
[913/1376] 处理 002901 大博医疗
  个股长期缓存命中（可用区间）：002901
[914/1376] 处理 002850 科达利
  个股长期缓存命中（可用区间）：002850
[915/1376] 处理 002818 富森美
  个股长期缓存命中（可用区间）：002818
[916/1376] 处理 002815 崇达技术
  个股长期缓存命中（可用区间）：002815
[917/1376] 处理 002791 坚朗五金
  个股长期缓存命中（可用区间）：002791
[918/1376] 处理 002773 康弘药业
  个股长期缓存命中（可用区间）：002773
[919/1376] 处理 002761 浙江建投
  个股长期缓存命中（可用区间）：002761
[920/1376] 处理 002745 木林森
  个股长期缓存命中（可用区间）：002745
[921/1376] 处理 002675 东诚药业
  个股长期缓存命中（可用区间）：002675
[922/1376] 处理 002568 百润股份
  个股长期缓存命中（可用区间）：002568
[923/1376] 处理 002557 洽洽食品
  个股长期缓存命中（可用区间）：002557
[924/1376] 处理 002544 普天科技
  个股长期缓存命中（可用区间）：002544
[925/1376] 处理 002532 天山铝业
  个股长期缓存命中（可用区间）：002532
[926/1376] 处理 002498 汉缆股份
  个股长期缓存命中（可用区间）：002498
[927/1376] 处理 002497 雅化集团
  个股长期缓存命中（可用区间）：002497
[928/1376] 处理 002484 江海股份
  个股长期缓存命中（可用区间）：002484
[929/1376] 处理 002466 天齐锂业
  个股长期缓存命中（可用区间）：002466
[930/1376] 处理 002444 巨星科技
  个股长期缓存命中（可用区间）：002444
[931/1376] 处理 002436 兴森科技
  个股长期缓存命中（可用区间）：002436
[932/1376] 处理 002430 杭氧股份
  个股长期缓存命中（可用区间）：002430
[933/1376] 处理 002410 广联达
  个股长期缓存命中（可用区间）：002410
[934/1376] 处理 002407 多氟多
  个股长期缓存命中（可用区间）：002407
[935/1376] 处理 002402 和而泰
  个股长期缓存命中（可用区间）：002402
[936/1376] 处理 002396 星网锐捷
  个股长期缓存命中（可用区间）：002396
[937/1376] 处理 002366 融发核电
  个股长期缓存命中（可用区间）：002366
[938/1376] 处理 002312 川发龙蟒
  个股长期缓存命中（可用区间）：002312
[939/1376] 处理 002287 奇正藏药
  个股长期缓存命中（可用区间）：002287
[940/1376] 处理 002266 浙富控股
  个股长期缓存命中（可用区间）：002266
[941/1376] 处理 002265 建设工业
  个股长期缓存命中（可用区间）：002265
[942/1376] 处理 002244 滨江集团
  个股长期缓存命中（可用区间）：002244
[943/1376] 处理 002241 歌尔股份
  个股长期缓存命中（可用区间）：002241
[944/1376] 处理 002226 江南化工
  个股长期缓存命中（可用区间）：002226
[945/1376] 处理 002219 新里程
  个股长期缓存命中（可用区间）：002219
[946/1376] 处理 002195 岩山科技
  个股长期缓存命中（可用区间）：002195
[947/1376] 处理 002183 怡亚通
  个股长期缓存命中（可用区间）：002183
[948/1376] 处理 002182 宝武镁业
  个股长期缓存命中（可用区间）：002182
[949/1376] 处理 002176 江特电机
  个股长期缓存命中（可用区间）：002176
[950/1376] 处理 002155 湖南黄金
  个股长期缓存命中（可用区间）：002155
[951/1376] 处理 002110 三钢闽光
  个股长期缓存命中（可用区间）：002110
[952/1376] 处理 002092 中泰化学
  个股长期缓存命中（可用区间）：002092
[953/1376] 处理 002065 东华软件
  个股长期缓存命中（可用区间）：002065
[954/1376] 处理 002048 宁波华翔
  个股长期缓存命中（可用区间）：002048
[955/1376] 处理 002032 苏泊尔
  个股长期缓存命中（可用区间）：002032
[956/1376] 处理 002025 航天电器
  个股长期缓存命中（可用区间）：002025
[957/1376] 处理 002020 京新药业
  个股长期缓存命中（可用区间）：002020
[958/1376] 处理 002015 协鑫能科
  个股长期缓存命中（可用区间）：002015
[959/1376] 处理 002011 盾安环境
  个股长期缓存命中（可用区间）：002011
[960/1376] 处理 002003 伟星股份
  个股长期缓存命中（可用区间）：002003
[961/1376] 处理 002001 新和成
  个股长期缓存命中（可用区间）：002001
[962/1376] 处理 001914 招商积余
  个股长期缓存命中（可用区间）：001914
[963/1376] 处理 001323 慕思股份
  个股长期缓存命中（可用区间）：001323
[964/1376] 处理 001287 中电港
  个股长期缓存命中（可用区间）：001287
[965/1376] 处理 001286 陕西能源
  个股长期缓存命中（可用区间）：001286
[966/1376] 处理 001270 铖昌科技
  个股长期缓存命中（可用区间）：001270
[967/1376] 处理 001213 中铁特货
  个股长期缓存命中（可用区间）：001213
[968/1376] 处理 000988 华工科技
  个股长期缓存命中（可用区间）：000988
[969/1376] 处理 000960 锡业股份
  个股长期缓存命中（可用区间）：000960
[970/1376] 处理 000959 首钢股份
  个股长期缓存命中（可用区间）：000959
[971/1376] 处理 000930 中粮科技
  个股长期缓存命中（可用区间）：000930
[972/1376] 处理 000923 河钢资源
  个股长期缓存命中（可用区间）：000923
[973/1376] 处理 000878 云南铜业
  个股长期缓存命中（可用区间）：000878
[974/1376] 处理 000831 中国稀土
  个股长期缓存命中（可用区间）：000831
[975/1376] 处理 000810 创维数字
  个股长期缓存命中（可用区间）：000810
[976/1376] 处理 000786 北新建材
  个股长期缓存命中（可用区间）：000786
[977/1376] 处理 000766 通化金马
  个股长期缓存命中（可用区间）：000766
[978/1376] 处理 000762 西藏矿业
  个股长期缓存命中（可用区间）：000762
[979/1376] 处理 000733 振华科技
  个股长期缓存命中（可用区间）：000733
[980/1376] 处理 000719 中原传媒
  个股长期缓存命中（可用区间）：000719
[981/1376] 处理 000686 东北证券
  个股长期缓存命中（可用区间）：000686
[982/1376] 处理 000657 中钨高新
  个股长期缓存命中（可用区间）：000657
[983/1376] 处理 000598 兴蓉环境
  个股长期缓存命中（可用区间）：000598
[984/1376] 处理 000582 北部湾港
  个股长期缓存命中（可用区间）：000582
[985/1376] 处理 000559 万向钱潮
  个股长期缓存命中（可用区间）：000559
[986/1376] 处理 000543 皖能电力
  个股长期缓存命中（可用区间）：000543
[987/1376] 处理 000519 中兵红箭
  个股长期缓存命中（可用区间）：000519
[988/1376] 处理 000516 国际医学
  个股长期缓存命中（可用区间）：000516
[989/1376] 处理 000498 山东路桥
  个股长期缓存命中（可用区间）：000498
[990/1376] 处理 000089 深圳机场
  个股长期缓存命中（可用区间）：000089
[991/1376] 处理 000032 深桑达A
  个股长期缓存命中（可用区间）：000032
[992/1376] 处理 000021 深科技
  个股长期缓存命中（可用区间）：000021
[993/1376] 处理 920982 锦波生物
  个股长期缓存命中（可用区间）：920982
[994/1376] 处理 688690 纳微科技
  个股长期缓存命中（可用区间）：688690
[995/1376] 处理 688639 华恒生物
  个股长期缓存命中（可用区间）：688639
[996/1376] 处理 688596 正帆科技
  个股长期缓存命中（可用区间）：688596
[997/1376] 处理 688578 艾力斯
  个股长期缓存命中（可用区间）：688578
[998/1376] 处理 688570 天玛智控
  个股长期缓存命中（可用区间）：688570
[999/1376] 处理 688561 奇安信
  个股长期缓存命中（可用区间）：688561
[1000/1376] 处理 688111 金山办公
  个股长期缓存命中（可用区间）：688111
[1001/1376] 处理 688106 金宏气体
  个股长期缓存命中（可用区间）：688106
[1002/1376] 处理 688050 爱博医疗
  个股长期缓存命中（可用区间）：688050
[1003/1376] 处理 688005 容百科技
  个股长期缓存命中（可用区间）：688005
[1004/1376] 处理 603985 恒润股份
  个股长期缓存命中（可用区间）：603985
[1005/1376] 处理 603826 坤彩科技
  个股长期缓存命中（可用区间）：603826
[1006/1376] 处理 603766 隆鑫通用
  个股长期缓存命中（可用区间）：603766
[1007/1376] 处理 603713 密尔克卫
  个股长期缓存命中（可用区间）：603713
[1008/1376] 处理 603699 纽威股份
  个股长期缓存命中（可用区间）：603699
[1009/1376] 处理 603658 安图生物
  个股长期缓存命中（可用区间）：603658
[1010/1376] 处理 603650 彤程新材
  个股长期缓存命中（可用区间）：603650
[1011/1376] 处理 603606 东方电缆
  个股长期缓存命中（可用区间）：603606
[1012/1376] 处理 603505 金石资源
  个股长期缓存命中（可用区间）：603505
[1013/1376] 处理 603236 移远通信
  个股长期缓存命中（可用区间）：603236
[1014/1376] 处理 603160 汇顶科技
  个股长期缓存命中（可用区间）：603160
[1015/1376] 处理 601975 招商南油
  个股长期缓存命中（可用区间）：601975
[1016/1376] 处理 601799 星宇股份
  个股长期缓存命中（可用区间）：601799
[1017/1376] 处理 601567 三星电气
  个股长期缓存命中（可用区间）：601567
[1018/1376] 处理 601231 环旭电子
  个股长期缓存命中（可用区间）：601231
[1019/1376] 处理 600970 中材国际
  个股长期缓存命中（可用区间）：600970
[1020/1376] 处理 600967 内蒙一机
  个股长期缓存命中（可用区间）：600967
[1021/1376] 处理 600955 维远股份
  个股长期缓存命中（可用区间）：600955
[1022/1376] 处理 600929 雪天盐业
  个股长期缓存命中（可用区间）：600929
[1023/1376] 处理 600895 张江高科
  个股长期缓存命中（可用区间）：600895
[1024/1376] 处理 600839 四川长虹
  个股长期缓存命中（可用区间）：600839
[1025/1376] 处理 600741 华域汽车
  个股长期缓存命中（可用区间）：600741
[1026/1376] 处理 600702 舍得酒业
  个股长期缓存命中（可用区间）：600702
[1027/1376] 处理 600633 浙数文化
  个股长期缓存命中（可用区间）：600633
[1028/1376] 处理 600598 北大荒
  个股长期缓存命中（可用区间）：600598
[1029/1376] 处理 600595 中孚实业
  个股长期缓存命中（可用区间）：600595
[1030/1376] 处理 600586 金晶科技
  个股长期缓存命中（可用区间）：600586
[1031/1376] 处理 600582 天地科技
  个股长期缓存命中（可用区间）：600582
[1032/1376] 处理 600557 康缘药业
  个股长期缓存命中（可用区间）：600557
[1033/1376] 处理 600556 天下秀
  个股长期缓存命中（可用区间）：600556
[1034/1376] 处理 600517 国网英大
  个股长期缓存命中（可用区间）：600517
[1035/1376] 处理 600508 上海能源
  个股长期缓存命中（可用区间）：600508
[1036/1376] 处理 600438 通威股份
  个股长期缓存命中（可用区间）：600438
[1037/1376] 处理 600435 北方导航
  个股长期缓存命中（可用区间）：600435
[1038/1376] 处理 600403 大有能源
  个股长期缓存命中（可用区间）：600403
[1039/1376] 处理 600380 健康元
  个股长期缓存命中（可用区间）：600380
[1040/1376] 处理 600328 中盐化工
  个股长期缓存命中（可用区间）：600328
[1041/1376] 处理 600315 上海家化
  个股长期缓存命中（可用区间）：600315
[1042/1376] 处理 600276 恒瑞医药
  个股长期缓存命中（可用区间）：600276
[1043/1376] 处理 600216 浙江医药
  个股长期缓存命中（可用区间）：600216
[1044/1376] 处理 600161 天坛生物
  个股长期缓存命中（可用区间）：600161
[1045/1376] 处理 600157 永泰能源
  个股长期缓存命中（可用区间）：600157
[1046/1376] 处理 600116 三峡水利
  个股长期缓存命中（可用区间）：600116
[1047/1376] 处理 600110 诺德股份
  个股长期缓存命中（可用区间）：600110
[1048/1376] 处理 301236 软通动力
  个股长期缓存命中（可用区间）：301236
[1049/1376] 处理 301219 腾远钴业
  个股长期缓存命中（可用区间）：301219
[1050/1376] 处理 301039 中集车辆
  个股长期缓存命中（可用区间）：301039
[1051/1376] 处理 300973 立高食品
  个股长期缓存命中（可用区间）：300973
[1052/1376] 处理 300803 指南针
  个股长期缓存命中（可用区间）：300803
[1053/1376] 处理 300777 中简科技
  个股长期缓存命中（可用区间）：300777
[1054/1376] 处理 300763 锦浪科技
  个股长期缓存命中（可用区间）：300763
[1055/1376] 处理 300761 立华股份
  个股长期缓存命中（可用区间）：300761
[1056/1376] 处理 300735 光弘科技
  个股长期缓存命中（可用区间）：300735
[1057/1376] 处理 300724 捷佳伟创
  个股长期缓存命中（可用区间）：300724
[1058/1376] 处理 300679 电连技术
  个股长期缓存命中（可用区间）：300679
[1059/1376] 处理 300661 圣邦股份
  个股长期缓存命中（可用区间）：300661
[1060/1376] 处理 300633 开立医疗
  个股长期缓存命中（可用区间）：300633
[1061/1376] 处理 300628 亿联网络
  个股长期缓存命中（可用区间）：300628
[1062/1376] 处理 300613 富瀚微
  个股长期缓存命中（可用区间）：300613
[1063/1376] 处理 300576 容大感光
  个股长期缓存命中（可用区间）：300576
[1064/1376] 处理 300570 太辰光
  个股长期缓存命中（可用区间）：300570
[1065/1376] 处理 300498 温氏股份
  个股长期缓存命中（可用区间）：300498
[1066/1376] 处理 300482 万孚生物
  个股长期缓存命中（可用区间）：300482
[1067/1376] 处理 300454 深信服
  个股长期缓存命中（可用区间）：300454
[1068/1376] 处理 300451 创业慧康
  个股长期缓存命中（可用区间）：300451
[1069/1376] 处理 300442 润泽科技
  个股长期缓存命中（可用区间）：300442
[1070/1376] 处理 300428 立中集团
  个股长期缓存命中（可用区间）：300428
[1071/1376] 处理 300408 三环集团
  个股长期缓存命中（可用区间）：300408
[1072/1376] 处理 300395 菲利华
  个股长期缓存命中（可用区间）：300395
[1073/1376] 处理 300357 我武生物
  个股长期缓存命中（可用区间）：300357
[1074/1376] 处理 300316 晶盛机电
  个股长期缓存命中（可用区间）：300316
[1075/1376] 处理 300294 博雅生物
  个股长期缓存命中（可用区间）：300294
[1076/1376] 处理 300253 卫宁健康
  个股长期缓存命中（可用区间）：300253
[1077/1376] 处理 300223 北京君正
  个股长期缓存命中（可用区间）：300223
[1078/1376] 处理 300144 宋城演艺
  个股长期缓存命中（可用区间）：300144
[1079/1376] 处理 300142 沃森生物
  个股长期缓存命中（可用区间）：300142
[1080/1376] 处理 300136 信维通信
  个股长期缓存命中（可用区间）：300136
[1081/1376] 处理 300054 鼎龙股份
  个股长期缓存命中（可用区间）：300054
[1082/1376] 处理 300026 红日药业
  个股长期缓存命中（可用区间）：300026
[1083/1376] 处理 300024 机器人
  个股长期缓存命中（可用区间）：300024
[1084/1376] 处理 300015 爱尔眼科
  个股长期缓存命中（可用区间）：300015
[1085/1376] 处理 300014 亿纬锂能
  个股长期缓存命中（可用区间）：300014
[1086/1376] 处理 300003 乐普医疗
  个股长期缓存命中（可用区间）：300003
[1087/1376] 处理 300002 神州泰岳
  个股长期缓存命中（可用区间）：300002
[1088/1376] 处理 300001 特锐德
  个股长期缓存命中（可用区间）：300001
[1089/1376] 处理 003816 中国广核
  个股长期缓存命中（可用区间）：003816
[1090/1376] 处理 003022 联泓新科
  个股长期缓存命中（可用区间）：003022
[1091/1376] 处理 002911 佛燃能源
  个股长期缓存命中（可用区间）：002911
[1092/1376] 处理 002737 葵花药业
  个股长期缓存命中（可用区间）：002737
[1093/1376] 处理 002690 美亚光电
  个股长期缓存命中（可用区间）：002690
[1094/1376] 处理 002670 国盛证券
  个股长期缓存命中（可用区间）：002670
[1095/1376] 处理 002608 江苏国信
  个股长期缓存命中（可用区间）：002608
[1096/1376] 处理 002541 鸿路钢构
  个股长期缓存命中（可用区间）：002541
[1097/1376] 处理 002511 中顺洁柔
  个股长期缓存命中（可用区间）：002511
[1098/1376] 处理 002508 老板电器
  个股长期缓存命中（可用区间）：002508
[1099/1376] 处理 002493 荣盛石化
  个股长期缓存命中（可用区间）：002493
[1100/1376] 处理 002463 沪电股份
  个股长期缓存命中（可用区间）：002463
[1101/1376] 处理 002373 千方科技
  个股长期缓存命中（可用区间）：002373
[1102/1376] 处理 002351 漫步者
  个股长期缓存命中（可用区间）：002351
[1103/1376] 处理 002335 科华数据
  个股长期缓存命中（可用区间）：002335
[1104/1376] 处理 002332 仙琚制药
  个股长期缓存命中（可用区间）：002332
[1105/1376] 处理 002271 东方雨虹
  个股长期缓存命中（可用区间）：002271
[1106/1376] 处理 002262 恩华药业
  个股长期缓存命中（可用区间）：002262
[1107/1376] 处理 002221 东华能源
  个股长期缓存命中（可用区间）：002221
[1108/1376] 处理 002216 三全食品
  个股长期缓存命中（可用区间）：002216
[1109/1376] 处理 002192 融捷股份
  个股长期缓存命中（可用区间）：002192
[1110/1376] 处理 002156 通富微电
  个股长期缓存命中（可用区间）：002156
[1111/1376] 处理 002139 拓邦股份
  个股长期缓存命中（可用区间）：002139
[1112/1376] 处理 002129 TCL中环
  个股长期缓存命中（可用区间）：002129
[1113/1376] 处理 002128 电投能源
  个股长期缓存命中（可用区间）：002128
[1114/1376] 处理 002126 银轮股份
  个股长期缓存命中（可用区间）：002126
[1115/1376] 处理 002123 梦网科技
  个股长期缓存命中（可用区间）：002123
[1116/1376] 处理 002064 华峰化学
  个股长期缓存命中（可用区间）：002064
[1117/1376] 处理 002063 远光软件
  个股长期缓存命中（可用区间）：002063
[1118/1376] 处理 002038 双鹭药业
  个股长期缓存命中（可用区间）：002038
[1119/1376] 处理 001872 招商港口
  个股长期缓存命中（可用区间）：001872
[1120/1376] 处理 001301 尚太科技
  个股长期缓存命中（可用区间）：001301
[1121/1376] 处理 000983 山西焦煤
  个股长期缓存命中（可用区间）：000983
[1122/1376] 处理 000970 中科三环
  个股长期缓存命中（可用区间）：000970
[1123/1376] 处理 000877 天山股份
  个股长期缓存命中（可用区间）：000877
[1124/1376] 处理 000807 云铝股份
  个股长期缓存命中（可用区间）：000807
[1125/1376] 处理 000738 航发控制
  个股长期缓存命中（可用区间）：000738
[1126/1376] 处理 000729 燕京啤酒
  个股长期缓存命中（可用区间）：000729
[1127/1376] 处理 000728 国元证券
  个股长期缓存命中（可用区间）：000728
[1128/1376] 处理 000723 美锦能源
  个股长期缓存命中（可用区间）：000723
[1129/1376] 处理 000629 钒钛股份
  个股长期缓存命中（可用区间）：000629
[1130/1376] 处理 000090 天健集团
  个股长期缓存命中（可用区间）：000090
[1131/1376] 处理 688778 厦钨新能
  个股长期缓存命中（可用区间）：688778
[1132/1376] 处理 688777 中控技术
  个股长期缓存命中（可用区间）：688777
[1133/1376] 处理 688608 恒玄科技
  个股长期缓存命中（可用区间）：688608
[1134/1376] 处理 688387 信科移动
  个股长期缓存命中（可用区间）：688387
[1135/1376] 处理 688352 颀中科技
  个股长期缓存命中（可用区间）：688352
[1136/1376] 处理 688279 峰岹科技
  个股长期缓存命中（可用区间）：688279
[1137/1376] 处理 603986 兆易创新
  个股长期缓存命中（可用区间）：603986
[1138/1376] 处理 603799 华友钴业
  个股长期缓存命中（可用区间）：603799
[1139/1376] 处理 603688 石英股份
  个股长期缓存命中（可用区间）：603688
[1140/1376] 处理 603444 吉比特
  个股长期缓存命中（可用区间）：603444
[1141/1376] 处理 600938 中国海油
  个股长期缓存命中（可用区间）：600938
[1142/1376] 处理 600906 财达证券
  个股长期缓存命中（可用区间）：600906
[1143/1376] 处理 600771 广誉远
  个股长期缓存命中（可用区间）：600771
[1144/1376] 处理 600763 通策医疗
  个股长期缓存命中（可用区间）：600763
[1145/1376] 处理 600587 新华医疗
  个股长期缓存命中（可用区间）：600587
[1146/1376] 处理 600549 厦门钨业
  个股长期缓存命中（可用区间）：600549
[1147/1376] 处理 600511 国药股份
  个股长期缓存命中（可用区间）：600511
[1148/1376] 处理 600499 科达制造
  个股长期缓存命中（可用区间）：600499
[1149/1376] 处理 600483 福能股份
  个股长期缓存命中（可用区间）：600483
[1150/1376] 处理 600372 中航机载
  个股长期缓存命中（可用区间）：600372
[1151/1376] 处理 600316 洪都航空
  个股长期缓存命中（可用区间）：600316
[1152/1376] 处理 600298 安琪酵母
  个股长期缓存命中（可用区间）：600298
[1153/1376] 处理 600143 金发科技
  个股长期缓存命中（可用区间）：600143
[1154/1376] 处理 600060 海信视像
  个股长期缓存命中（可用区间）：600060
[1155/1376] 处理 600050 中国联通
  个股长期缓存命中（可用区间）：600050
[1156/1376] 处理 600038 中直股份
  个股长期缓存命中（可用区间）：600038
[1157/1376] 处理 600019 宝钢股份
  个股长期缓存命中（可用区间）：600019
[1158/1376] 处理 302132 中航成飞
  个股长期缓存命中（可用区间）：302132
[1159/1376] 处理 301525 儒竞科技
  个股长期缓存命中（可用区间）：301525
[1160/1376] 处理 301498 乖宝宠物
  个股长期缓存命中（可用区间）：301498
[1161/1376] 处理 301267 华厦眼科
  个股长期缓存命中（可用区间）：301267
[1162/1376] 处理 301217 铜冠铜箔
  个股长期缓存命中（可用区间）：301217
[1163/1376] 处理 301095 广立微
  个股长期缓存命中（可用区间）：301095
[1164/1376] 处理 301047 义翘神州
  个股长期缓存命中（可用区间）：301047
[1165/1376] 处理 300919 中伟新材
  个股长期缓存命中（可用区间）：300919
[1166/1376] 处理 300896 爱美客
  个股长期缓存命中（可用区间）：300896
[1167/1376] 处理 300765 新诺威
  个股长期缓存命中（可用区间）：300765
[1168/1376] 处理 300751 迈为股份
  个股长期缓存命中（可用区间）：300751
[1169/1376] 处理 300726 宏达电子
  个股长期缓存命中（可用区间）：300726
[1170/1376] 处理 300627 华测导航
  个股长期缓存命中（可用区间）：300627
[1171/1376] 处理 300604 长川科技
  个股长期缓存命中（可用区间）：300604
[1172/1376] 处理 300567 精测电子
  个股长期缓存命中（可用区间）：300567
[1173/1376] 处理 300558 贝达药业
  个股长期缓存命中（可用区间）：300558
[1174/1376] 处理 300487 蓝晓科技
  个股长期缓存命中（可用区间）：300487
[1175/1376] 处理 300476 胜宏科技
  个股长期缓存命中（可用区间）：300476
[1176/1376] 处理 300475 香农芯创
  个股长期缓存命中（可用区间）：300475
[1177/1376] 处理 300413 芒果超媒
  个股长期缓存命中（可用区间）：300413
[1178/1376] 处理 300406 九强生物
  个股长期缓存命中（可用区间）：300406
[1179/1376] 处理 300393 中来股份
  个股长期缓存命中（可用区间）：300393
[1180/1376] 处理 300255 常山药业
  个股长期缓存命中（可用区间）：300255
[1181/1376] 处理 300236 上海新阳
  个股长期缓存命中（可用区间）：300236
[1182/1376] 处理 300146 汤臣倍健
  个股长期缓存命中（可用区间）：300146
[1183/1376] 处理 300140 节能环境
  个股长期缓存命中（可用区间）：300140
[1184/1376] 处理 300133 华策影视
  个股长期缓存命中（可用区间）：300133
[1185/1376] 处理 300130 新国都
  个股长期缓存命中（可用区间）：300130
[1186/1376] 处理 300118 东方日升
  个股长期缓存命中（可用区间）：300118
[1187/1376] 处理 300073 当升科技
  个股长期缓存命中（可用区间）：300073
[1188/1376] 处理 300017 网宿科技
  个股长期缓存命中（可用区间）：300017
[1189/1376] 处理 300012 华测检测
  个股长期缓存命中（可用区间）：300012
[1190/1376] 处理 300009 安科生物
  个股长期缓存命中（可用区间）：300009
[1191/1376] 处理 003012 东鹏控股
  个股长期缓存命中（可用区间）：003012
[1192/1376] 处理 002984 森麒麟
  个股长期缓存命中（可用区间）：002984
[1193/1376] 处理 002920 德赛西威
  个股长期缓存命中（可用区间）：002920
[1194/1376] 处理 002673 西部证券
  个股长期缓存命中（可用区间）：002673
[1195/1376] 处理 002648 卫星化学
  个股长期缓存命中（可用区间）：002648
[1196/1376] 处理 002385 大北农
  个股长期缓存命中（可用区间）：002385
[1197/1376] 处理 002384 东山精密
  个股长期缓存命中（可用区间）：002384
[1198/1376] 处理 002299 圣农发展
  个股长期缓存命中（可用区间）：002299
[1199/1376] 处理 002258 利尔化学
  个股长期缓存命中（可用区间）：002258
[1200/1376] 处理 002252 上海莱士
  个股长期缓存命中（可用区间）：002252
[1201/1376] 处理 002249 大洋电机
  个股长期缓存命中（可用区间）：002249
[1202/1376] 处理 002243 力合科创
  个股长期缓存命中（可用区间）：002243
[1203/1376] 处理 002223 鱼跃医疗
  个股长期缓存命中（可用区间）：002223
[1204/1376] 处理 002179 中航光电
  个股长期缓存命中（可用区间）：002179
[1205/1376] 处理 002085 万丰奥威
  个股长期缓存命中（可用区间）：002085
[1206/1376] 处理 002027 分众传媒
  个股长期缓存命中（可用区间）：002027
[1207/1376] 处理 000963 华东医药
  个股长期缓存命中（可用区间）：000963
[1208/1376] 处理 000895 双汇发展
  个股长期缓存命中（可用区间）：000895
[1209/1376] 处理 000552 甘肃能化
  个股长期缓存命中（可用区间）：000552
[1210/1376] 处理 000513 丽珠集团
  个股长期缓存命中（可用区间）：000513
[1211/1376] 处理 000001 平安银行
  个股长期缓存命中（可用区间）：000001
[1212/1376] 处理 688598 金博股份
  个股长期缓存命中（可用区间）：688598
[1213/1376] 处理 688582 芯动联科
  个股长期缓存命中（可用区间）：688582
[1214/1376] 处理 688276 百克生物
  个股长期缓存命中（可用区间）：688276
[1215/1376] 处理 688052 纳芯微
  个股长期缓存命中（可用区间）：688052
[1216/1376] 处理 688002 睿创微纳
  个股长期缓存命中（可用区间）：688002
[1217/1376] 处理 605090 九丰能源
  个股长期缓存命中（可用区间）：605090
[1218/1376] 处理 603866 桃李面包
  个股长期缓存命中（可用区间）：603866
[1219/1376] 处理 603605 珀莱雅
  个股长期缓存命中（可用区间）：603605
[1220/1376] 处理 603529 爱玛科技
  个股长期缓存命中（可用区间）：603529
[1221/1376] 处理 603305 旭升集团
  个股长期缓存命中（可用区间）：603305
[1222/1376] 处理 603300 海南华铁
  个股长期缓存命中（可用区间）：603300
[1223/1376] 处理 603162 海通发展
  个股长期缓存命中（可用区间）：603162
[1224/1376] 处理 601966 玲珑轮胎
  个股长期缓存命中（可用区间）：601966
[1225/1376] 处理 601965 中国汽研
  个股长期缓存命中（可用区间）：601965
[1226/1376] 处理 601952 苏垦农发
  个股长期缓存命中（可用区间）：601952
[1227/1376] 处理 600862 中航高科
  个股长期缓存命中（可用区间）：600862
[1228/1376] 处理 600761 安徽合力
  个股长期缓存命中（可用区间）：600761
[1229/1376] 处理 600740 山西焦化
  个股长期缓存命中（可用区间）：600740
[1230/1376] 处理 600704 物产中大
  个股长期缓存命中（可用区间）：600704
[1231/1376] 处理 600699 均胜电子
  个股长期缓存命中（可用区间）：600699
[1232/1376] 处理 600486 扬农化工
  个股长期缓存命中（可用区间）：600486
[1233/1376] 处理 600179 安通控股
  个股长期缓存命中（可用区间）：600179
[1234/1376] 处理 600176 中国巨石
  个股长期缓存命中（可用区间）：600176
[1235/1376] 处理 600171 上海贝岭
  个股长期缓存命中（可用区间）：600171
[1236/1376] 处理 600111 北方稀土
  个股长期缓存命中（可用区间）：600111
[1237/1376] 处理 301316 慧博云通
  个股长期缓存命中（可用区间）：301316
[1238/1376] 处理 301301 川宁生物
  个股长期缓存命中（可用区间）：301301
[1239/1376] 处理 301205 联特科技
  个股长期缓存命中（可用区间）：301205
[1240/1376] 处理 301200 大族数控
  个股长期缓存命中（可用区间）：301200
[1241/1376] 处理 300910 瑞丰新材
  个股长期缓存命中（可用区间）：300910
[1242/1376] 处理 300888 稳健医疗
  个股长期缓存命中（可用区间）：300888
[1243/1376] 处理 300887 谱尼测试
  个股长期缓存命中（可用区间）：300887
[1244/1376] 处理 300747 锐科激光
  个股长期缓存命中（可用区间）：300747
[1245/1376] 处理 300682 朗新科技
  个股长期缓存命中（可用区间）：300682
[1246/1376] 处理 300672 国科微
  个股长期缓存命中（可用区间）：300672
[1247/1376] 处理 300620 光库科技
  个股长期缓存命中（可用区间）：300620
[1248/1376] 处理 300595 欧普康视
  个股长期缓存命中（可用区间）：300595
[1249/1376] 处理 300573 兴齐眼药
  个股长期缓存命中（可用区间）：300573
[1250/1376] 处理 300458 全志科技
  个股长期缓存命中（可用区间）：300458
[1251/1376] 处理 300457 赢合科技
  个股长期缓存命中（可用区间）：300457
[1252/1376] 处理 300450 先导智能
  个股长期缓存命中（可用区间）：300450
[1253/1376] 处理 300390 天华新能
  个股长期缓存命中（可用区间）：300390
[1254/1376] 处理 300383 光环新网
  个股长期缓存命中（可用区间）：300383
[1255/1376] 处理 300339 润和软件
  个股长期缓存命中（可用区间）：300339
[1256/1376] 处理 300298 三诺生物
  个股长期缓存命中（可用区间）：300298
[1257/1376] 处理 300166 东方国信
  个股长期缓存命中（可用区间）：300166
[1258/1376] 处理 300070 碧水源
  个股长期缓存命中（可用区间）：300070
[1259/1376] 处理 002966 苏州银行
  个股长期缓存命中（可用区间）：002966
[1260/1376] 处理 002859 洁美科技
  个股长期缓存命中（可用区间）：002859
[1261/1376] 处理 002841 视源股份
  个股长期缓存命中（可用区间）：002841
[1262/1376] 处理 002324 普利特
  个股长期缓存命中（可用区间）：002324
[1263/1376] 处理 002270 华明装备
  个股长期缓存命中（可用区间）：002270
[1264/1376] 处理 002080 中材科技
  个股长期缓存命中（可用区间）：002080
[1265/1376] 处理 002008 大族激光
  个股长期缓存命中（可用区间）：002008
[1266/1376] 处理 000933 神火股份
  个股长期缓存命中（可用区间）：000933
[1267/1376] 处理 000778 新兴铸管
  个股长期缓存命中（可用区间）：000778
[1268/1376] 处理 000661 长春高新
  个股长期缓存命中（可用区间）：000661
[1269/1376] 处理 000063 中兴通讯
  个股长期缓存命中（可用区间）：000063
[1270/1376] 处理 688100 威胜信息
  个股长期缓存命中（可用区间）：688100
[1271/1376] 处理 603296 华勤技术
  个股长期缓存命中（可用区间）：603296
[1272/1376] 处理 600566 济川药业
  个股长期缓存命中（可用区间）：600566
[1273/1376] 处理 301500 飞南资源
  个股长期缓存命中（可用区间）：301500
[1274/1376] 处理 301371 敷尔佳
  个股长期缓存命中（可用区间）：301371
[1275/1376] 处理 300856 科思股份
  个股长期缓存命中（可用区间）：300856
[1276/1376] 处理 300666 江丰电子
  个股长期缓存命中（可用区间）：300666
[1277/1376] 处理 300373 扬杰科技
  个股长期缓存命中（可用区间）：300373
[1278/1376] 处理 300364 中文在线
  个股长期缓存命中（可用区间）：300364
[1279/1376] 处理 300308 中际旭创
  个股长期缓存命中（可用区间）：300308
[1280/1376] 处理 300257 开山股份
  个股长期缓存命中（可用区间）：300257
[1281/1376] 处理 688475 萤石网络
  个股长期缓存命中（可用区间）：688475
[1282/1376] 处理 688208 道通科技
  个股长期缓存命中（可用区间）：688208
[1283/1376] 处理 688083 中望软件
  个股长期缓存命中（可用区间）：688083
[1284/1376] 处理 603281 江瀚新材
  个股长期缓存命中（可用区间）：603281
[1285/1376] 处理 603103 横店影视
  个股长期缓存命中（可用区间）：603103
[1286/1376] 处理 603077 和邦生物
  个股长期缓存命中（可用区间）：603077
[1287/1376] 处理 601918 新集能源
  个股长期缓存命中（可用区间）：601918
[1288/1376] 处理 601728 中国电信
  个股长期缓存命中（可用区间）：601728
[1289/1376] 处理 601168 西部矿业
  个股长期缓存命中（可用区间）：601168
[1290/1376] 处理 600976 健民集团
  个股长期缓存命中（可用区间）：600976
[1291/1376] 处理 600941 中国移动
  个股长期缓存命中（可用区间）：600941
[1292/1376] 处理 600845 宝信软件
  个股长期缓存命中（可用区间）：600845
[1293/1376] 处理 600519 贵州茅台
  个股长期缓存命中（可用区间）：600519
[1294/1376] 处理 600481 双良节能
  个股长期缓存命中（可用区间）：600481
[1295/1376] 处理 300821 东岳硅材
  个股长期缓存命中（可用区间）：300821
[1296/1376] 处理 300775 三角防务
  个股长期缓存命中（可用区间）：300775
[1297/1376] 处理 300773 拉卡拉
  个股长期缓存命中（可用区间）：300773
[1298/1376] 处理 300502 新易盛
  个股长期缓存命中（可用区间）：300502
[1299/1376] 处理 300496 中科创达
  个股长期缓存命中（可用区间）：300496
[1300/1376] 处理 300188 国投智能
  个股长期缓存命中（可用区间）：300188
[1301/1376] 处理 300045 华力创通
  个股长期缓存命中（可用区间）：300045
[1302/1376] 处理 300033 同花顺
  个股长期缓存命中（可用区间）：300033
[1303/1376] 处理 002683 广东宏大
  个股长期缓存命中（可用区间）：002683
[1304/1376] 处理 002475 立讯精密
  个股长期缓存命中（可用区间）：002475
[1305/1376] 处理 002429 兆驰股份
  个股长期缓存命中（可用区间）：002429
[1306/1376] 处理 002415 海康威视
  个股长期缓存命中（可用区间）：002415
[1307/1376] 处理 002405 四维图新
  个股长期缓存命中（可用区间）：002405
[1308/1376] 处理 002273 水晶光电
  个股长期缓存命中（可用区间）：002273
[1309/1376] 处理 002237 恒邦股份
  个股长期缓存命中（可用区间）：002237
[1310/1376] 处理 002236 大华股份
  个股长期缓存命中（可用区间）：002236
[1311/1376] 处理 002138 顺络电子
  个股长期缓存命中（可用区间）：002138
[1312/1376] 处理 002051 中工国际
  个股长期缓存命中（可用区间）：002051
[1313/1376] 处理 002028 思源电气
  个股长期缓存命中（可用区间）：002028
[1314/1376] 处理 000636 风华高科
  个股长期缓存命中（可用区间）：000636
[1315/1376] 处理 000600 建投能源
  个股长期缓存命中（可用区间）：000600
[1316/1376] 处理 688676 金盘科技
  个股长期缓存命中（可用区间）：688676
[1317/1376] 处理 688516 奥特维
  个股长期缓存命中（可用区间）：688516
[1318/1376] 处理 688362 甬矽电子
  个股长期缓存命中（可用区间）：688362
[1319/1376] 处理 688278 特宝生物
  个股长期缓存命中（可用区间）：688278
[1320/1376] 处理 603132 金徽股份
  个股长期缓存命中（可用区间）：603132
[1321/1376] 处理 603083 剑桥科技
  个股长期缓存命中（可用区间）：603083
[1322/1376] 处理 603000 人民网
  个股长期缓存命中（可用区间）：603000
[1323/1376] 处理 600888 新疆众和
  个股长期缓存命中（可用区间）：600888
[1324/1376] 处理 600415 小商品城
  个股长期缓存命中（可用区间）：600415
[1325/1376] 处理 301286 侨源股份
  个股长期缓存命中（可用区间）：301286
[1326/1376] 处理 301050 雷电微力
  个股长期缓存命中（可用区间）：301050
[1327/1376] 处理 300750 宁德时代
  个股长期缓存命中（可用区间）：300750
[1328/1376] 处理 300394 天孚通信
  个股长期缓存命中（可用区间）：300394
[1329/1376] 处理 002837 英维克
  个股长期缓存命中（可用区间）：002837
[1330/1376] 处理 002311 海大集团
  个股长期缓存命中（可用区间）：002311
[1331/1376] 处理 002230 科大讯飞
  个股长期缓存命中（可用区间）：002230
[1332/1376] 处理 002145 钛能化学
  个股长期缓存命中（可用区间）：002145
[1333/1376] 处理 002056 横店东磁
  个股长期缓存命中（可用区间）：002056
[1334/1376] 处理 001203 大中矿业
  个股长期缓存命中（可用区间）：001203
[1335/1376] 处理 000902 新洋丰
  个股长期缓存命中（可用区间）：000902
[1336/1376] 处理 000536 华映科技
  个股长期缓存命中（可用区间）：000536
[1337/1376] 处理 000408 藏格矿业
  个股长期缓存命中（可用区间）：000408
[1338/1376] 处理 688336 三生国健
  个股长期缓存命中（可用区间）：688336
[1339/1376] 处理 605507 国邦医药
  个股长期缓存命中（可用区间）：605507
[1340/1376] 处理 603893 瑞芯微
  个股长期缓存命中（可用区间）：603893
[1341/1376] 处理 601208 东材科技
  个股长期缓存命中（可用区间）：601208
[1342/1376] 处理 600873 梅花生物
  个股长期缓存命中（可用区间）：600873
[1343/1376] 处理 600872 中炬高新
  个股长期缓存命中（可用区间）：600872
[1344/1376] 处理 600529 山东药玻
  个股长期缓存命中（可用区间）：600529
[1345/1376] 处理 600416 湘电股份
  个股长期缓存命中（可用区间）：600416
[1346/1376] 处理 600206 有研新材
  个股长期缓存命中（可用区间）：600206
[1347/1376] 处理 600063 皖维高新
  个股长期缓存命中（可用区间）：600063
[1348/1376] 处理 300855 图南股份
  个股长期缓存命中（可用区间）：300855
[1349/1376] 处理 300433 蓝思科技
  个股长期缓存命中（可用区间）：300433
[1350/1376] 处理 000739 普洛药业
  个股长期缓存命中（可用区间）：000739
[1351/1376] 处理 688041 海光信息
  个股长期缓存命中（可用区间）：688041
[1352/1376] 处理 688036 传音控股
  个股长期缓存命中（可用区间）：688036
[1353/1376] 处理 603979 金诚信
  个股长期缓存命中（可用区间）：603979
[1354/1376] 处理 603568 伟明环保
  个股长期缓存命中（可用区间）：603568
[1355/1376] 处理 603298 杭叉集团
  个股长期缓存命中（可用区间）：603298
[1356/1376] 处理 603171 税友股份
  个股长期缓存命中（可用区间）：603171
[1357/1376] 处理 603129 春风动力
  个股长期缓存命中（可用区间）：603129
[1358/1376] 处理 603063 禾望电气
  个股长期缓存命中（可用区间）：603063
[1359/1376] 处理 600674 川投能源
  个股长期缓存命中（可用区间）：600674
[1360/1376] 处理 600312 平高电气
  个股长期缓存命中（可用区间）：600312
[1361/1376] 处理 000567 海德股份
  个股长期缓存命中（可用区间）：000567
[1362/1376] 处理 603919 金徽酒
  个股长期缓存命中（可用区间）：603919
[1363/1376] 处理 600660 福耀玻璃
  个股长期缓存命中（可用区间）：600660
[1364/1376] 处理 600436 片仔癀
  个股长期缓存命中（可用区间）：600436
[1365/1376] 处理 300568 星源材质
  个股长期缓存命中（可用区间）：300568
[1366/1376] 处理 002461 珠江啤酒
  个股长期缓存命中（可用区间）：002461
[1367/1376] 处理 600186 莲花控股
  个股长期缓存命中（可用区间）：600186
[1368/1376] 处理 688707 振华新材
  个股长期缓存命中（可用区间）：688707
[1369/1376] 处理 688301 奕瑞科技
  个股长期缓存命中（可用区间）：688301
[1370/1376] 处理 603737 三棵树
  个股长期缓存命中（可用区间）：603737
[1371/1376] 处理 601636 旗滨集团
  个股长期缓存命中（可用区间）：601636
[1372/1376] 处理 600309 万华化学
  个股长期缓存命中（可用区间）：600309
[1373/1376] 处理 002601 龙佰集团
  个股长期缓存命中（可用区间）：002601
[1374/1376] 处理 002458 益生股份
  个股长期缓存命中（可用区间）：002458
[1375/1376] 处理 688188 柏楚电子
  个股长期缓存命中（可用区间）：688188
[1376/1376] 处理 601666 平煤股份
  个股长期缓存命中（可用区间）：601666

完成。
全量结果：reports/difference_chart/all_results.csv
候选结果：reports/difference_chart/candidates.csv
摘要报告：reports/difference_chart/summary.md
数据质量警告：reports/difference_chart/data_warnings.csv
